[10:23:12] [main/DEBUG] [FML/]: Injecting tracing printstreams for STDOUT/STDERR.
[10:23:12] [main/INFO] [FML/]: Forge Mod Loader version 7.99.40.1614 for Minecraft 1.7.10 loading
[10:23:12] [main/INFO] [FML/]: Java is Java HotSpot(TM) 64-Bit Server VM, version 1.8.0_231, running on Windows 10:amd64:10.0, installed at C:\Program Files\Java\jre1.8.0_231
[10:23:12] [main/DEBUG] [FML/]: Java classpath at launch is C:/Users/Mi/Documents/projects/MultiMC/jars/NewLaunch.jar;C:/Users/Mi/Documents/projects/MultiMC/libraries/net/java/jinput/jinput/2.0.5/jinput-2.0.5.jar;C:/Users/Mi/Documents/projects/MultiMC/libraries/net/java/jutils/jutils/1.0.0/jutils-1.0.0.jar;C:/Users/Mi/Documents/projects/MultiMC/libraries/org/lwjgl/lwjgl/lwjgl/2.9.4-nightly-20150209/lwjgl-2.9.4-nightly-20150209.jar;C:/Users/Mi/Documents/projects/MultiMC/libraries/org/lwjgl/lwjgl/lwjgl_util/2.9.4-nightly-20150209/lwjgl_util-2.9.4-nightly-20150209.jar;C:/Users/Mi/Documents/projects/MultiMC/libraries/com/mojang/netty/1.6/netty-1.6.jar;C:/Users/Mi/Documents/projects/MultiMC/libraries/com/mojang/realms/1.3.5/realms-1.3.5.jar;C:/Users/Mi/Documents/projects/MultiMC/libraries/org/apache/commons/commons-compress/1.8.1/commons-compress-1.8.1.jar;C:/Users/Mi/Documents/projects/MultiMC/libraries/org/apache/httpcomponents/httpclient/4.3.3/httpclient-4.3.3.jar;C:/Users/Mi/Documents/projects/MultiMC/libraries/commons-logging/commons-logging/1.1.3/commons-logging-1.1.3.jar;C:/Users/Mi/Documents/projects/MultiMC/libraries/org/apache/httpcomponents/httpcore/4.3.2/httpcore-4.3.2.jar;C:/Users/Mi/Documents/projects/MultiMC/libraries/java3d/vecmath/1.3.1/vecmath-1.3.1.jar;C:/Users/Mi/Documents/projects/MultiMC/libraries/net/sf/trove4j/trove4j/3.0.3/trove4j-3.0.3.jar;C:/Users/Mi/Documents/projects/MultiMC/libraries/com/ibm/icu/icu4j-core-mojang/51.2/icu4j-core-mojang-51.2.jar;C:/Users/Mi/Documents/projects/MultiMC/libraries/net/sf/jopt-simple/jopt-simple/4.5/jopt-simple-4.5.jar;C:/Users/Mi/Documents/projects/MultiMC/libraries/com/paulscode/codecjorbis/20101023/codecjorbis-20101023.jar;C:/Users/Mi/Documents/projects/MultiMC/libraries/com/paulscode/codecwav/20101023/codecwav-20101023.jar;C:/Users/Mi/Documents/projects/MultiMC/libraries/com/paulscode/libraryjavasound/20101123/libraryjavasound-20101123.jar;C:/Users/Mi/Documents/projects/MultiMC/libraries/com/paulscode/librarylwjglopenal/20100824/librarylwjglopenal-20100824.jar;C:/Users/Mi/Documents/projects/MultiMC/libraries/com/paulscode/soundsystem/20120107/soundsystem-20120107.jar;C:/Users/Mi/Documents/projects/MultiMC/libraries/io/netty/netty-all/4.0.10.Final/netty-all-4.0.10.Final.jar;C:/Users/Mi/Documents/projects/MultiMC/libraries/com/google/guava/guava/17.0/guava-17.0.jar;C:/Users/Mi/Documents/projects/MultiMC/libraries/org/apache/commons/commons-lang3/3.3.2/commons-lang3-3.3.2.jar;C:/Users/Mi/Documents/projects/MultiMC/libraries/commons-io/commons-io/2.4/commons-io-2.4.jar;C:/Users/Mi/Documents/projects/MultiMC/libraries/commons-codec/commons-codec/1.9/commons-codec-1.9.jar;C:/Users/Mi/Documents/projects/MultiMC/libraries/com/google/code/gson/gson/2.2.4/gson-2.2.4.jar;C:/Users/Mi/Documents/projects/MultiMC/libraries/com/mojang/authlib/1.5.21/authlib-1.5.21.jar;C:/Users/Mi/Documents/projects/MultiMC/libraries/org/apache/logging/log4j/log4j-api/2.0-beta9/log4j-api-2.0-beta9.jar;C:/Users/Mi/Documents/projects/MultiMC/libraries/org/apache/logging/log4j/log4j-core/2.0-beta9/log4j-core-2.0-beta9.jar;C:/Users/Mi/Documents/projects/MultiMC/libraries/tv/twitch/twitch/5.16/twitch-5.16.jar;C:/Users/Mi/Documents/projects/MultiMC/libraries/net/minecraftforge/forge/1.7.10-10.13.4.1614-1.7.10/forge-1.7.10-10.13.4.1614-1.7.10-universal.jar;C:/Users/Mi/Documents/projects/MultiMC/libraries/net/minecraft/launchwrapper/1.12/launchwrapper-1.12.jar;C:/Users/Mi/Documents/projects/MultiMC/libraries/org/ow2/asm/asm-all/5.0.3/asm-all-5.0.3.jar;C:/Users/Mi/Documents/projects/MultiMC/libraries/com/typesafe/akka/akka-actor_2.11/2.3.3/akka-actor_2.11-2.3.3.jar;C:/Users/Mi/Documents/projects/MultiMC/libraries/com/typesafe/config/1.2.1/config-1.2.1.jar;C:/Users/Mi/Documents/projects/MultiMC/libraries/org/scala-lang/scala-actors-migration_2.11/1.1.0/scala-actors-migration_2.11-1.1.0.jar;C:/Users/Mi/Documents/projects/MultiMC/libraries/org/scala-lang/scala-compiler/2.11.1/scala-compiler-2.11.1.jar;C:/Users/Mi/Documents/projects/MultiMC/libraries/org/scala-lang/plugins/scala-continuations-library_2.11/1.0.2/scala-continuations-library_2.11-1.0.2.jar;C:/Users/Mi/Documents/projects/MultiMC/libraries/org/scala-lang/plugins/scala-continuations-plugin_2.11.1/1.0.2/scala-continuations-plugin_2.11.1-1.0.2.jar;C:/Users/Mi/Documents/projects/MultiMC/libraries/org/scala-lang/scala-library/2.11.1/scala-library-2.11.1.jar;C:/Users/Mi/Documents/projects/MultiMC/libraries/org/scala-lang/scala-parser-combinators_2.11/1.0.1/scala-parser-combinators_2.11-1.0.1.jar;C:/Users/Mi/Documents/projects/MultiMC/libraries/org/scala-lang/scala-reflect/2.11.1/scala-reflect-2.11.1.jar;C:/Users/Mi/Documents/projects/MultiMC/libraries/org/scala-lang/scala-swing_2.11/1.0.1/scala-swing_2.11-1.0.1.jar;C:/Users/Mi/Documents/projects/MultiMC/libraries/org/scala-lang/scala-xml_2.11/1.0.2/scala-xml_2.11-1.0.2.jar;C:/Users/Mi/Documents/projects/MultiMC/libraries/lzma/lzma/0.0.1/lzma-0.0.1.jar;C:/Users/Mi/Documents/projects/MultiMC/libraries/com/mojang/minecraft/1.7.10/minecraft-1.7.10-client.jar
[10:23:12] [main/DEBUG] [FML/]: Java library path at launch is C:/Users/Mi/Documents/projects/MultiMC/instances/Agrarian-Skies-2---2.0.4/natives
[10:23:12] [main/DEBUG] [FML/]: Enabling runtime deobfuscation
[10:23:12] [main/DEBUG] [FML/]: Instantiating coremod class FMLCorePlugin
[10:23:12] [main/DEBUG] [FML/]: Added access transformer class cpw.mods.fml.common.asm.transformers.AccessTransformer to enqueued access transformers
[10:23:12] [main/DEBUG] [FML/]: Enqueued coremod FMLCorePlugin
[10:23:12] [main/DEBUG] [FML/]: Instantiating coremod class FMLForgePlugin
[10:23:12] [main/DEBUG] [FML/]: Added access transformer class net.minecraftforge.transformers.ForgeAccessTransformer to enqueued access transformers
[10:23:12] [main/DEBUG] [FML/]: Enqueued coremod FMLForgePlugin
[10:23:12] [main/DEBUG] [FML/]: All fundamental core mods are successfully located
[10:23:12] [main/DEBUG] [FML/]: Attempting to load commandline specified mods, relative to C:\Users\Mi\Documents\projects\MultiMC\instances\Agrarian-Skies-2---2.0.4\minecraft
[10:23:12] [main/DEBUG] [FML/]: Discovering coremods
[10:23:12] [main/DEBUG] [FML/]: Examining for coremod candidacy accidentallycircumstantialevents-1.12.11.jar
[10:23:12] [main/DEBUG] [FML/]: Not found coremod data in accidentallycircumstantialevents-1.12.11.jar
[10:23:12] [main/DEBUG] [FML/]: Examining for coremod candidacy ae2stuff-rv3-0.5.1.9-mc1.7.10.jar
[10:23:12] [main/DEBUG] [FML/]: Not found coremod data in ae2stuff-rv3-0.5.1.9-mc1.7.10.jar
[10:23:12] [main/DEBUG] [FML/]: Examining for coremod candidacy AgriCraft-1.7.10-1.5.0.jar
[10:23:12] [main/DEBUG] [FML/]: Not found coremod data in AgriCraft-1.7.10-1.5.0.jar
[10:23:12] [main/DEBUG] [FML/]: Examining for coremod candidacy AppleCore-mc1.7.10-3.0.0.jar
[10:23:12] [main/TRACE] [FML/]: Found FMLCorePluginContainsFMLMod marker in AppleCore-mc1.7.10-3.0.0.jar, it will be examined later for regular @Mod instances
[10:23:12] [main/DEBUG] [FML/]: Instantiating coremod class AppleCore
[10:23:12] [main/DEBUG] [FML/]: The coremod squeek.applecore.AppleCore requested minecraft version 1.7.10 and minecraft is 1.7.10. It will be loaded.
[10:23:12] [main/DEBUG] [FML/]: Enqueued coremod AppleCore
[10:23:12] [main/DEBUG] [FML/]: Examining for coremod candidacy appliedenergistics2-rv3-beta-6.jar
[10:23:12] [main/TRACE] [FML/]: Found FMLCorePluginContainsFMLMod marker in appliedenergistics2-rv3-beta-6.jar, it will be examined later for regular @Mod instances
[10:23:12] [main/DEBUG] [FML/]: Instantiating coremod class AppEngCore
[10:23:12] [main/DEBUG] [FML/]: The coremod appeng.transformer.AppEngCore requested minecraft version 1.7.10 and minecraft is 1.7.10. It will be loaded.
[10:23:12] [main/INFO] [FML/]: [AppEng] Core Init
[10:23:12] [main/DEBUG] [FML/]: Added access transformer class appeng.transformer.asm.ASMTweaker to enqueued access transformers
[10:23:12] [main/DEBUG] [FML/]: Enqueued coremod AppEngCore
[10:23:12] [main/DEBUG] [FML/]: Examining for coremod candidacy Aroma1997Core-1.7.10-1.0.2.16.jar
[10:23:12] [main/TRACE] [FML/]: Found FMLCorePluginContainsFMLMod marker in Aroma1997Core-1.7.10-1.0.2.16.jar, it will be examined later for regular @Mod instances
[10:23:12] [main/DEBUG] [FML/]: Instantiating coremod class CoreMod
[10:23:12] [main/WARN] [FML/]: The coremod aroma1997.core.coremod.CoreMod does not have a MCVersion annotation, it may cause issues with this version of Minecraft
[10:23:12] [main/DEBUG] [FML/]: Added access transformer class aroma1997.core.coremod.asm.AromaAccessTransformer to enqueued access transformers
[10:23:12] [main/DEBUG] [FML/]: Enqueued coremod CoreMod
[10:23:12] [main/DEBUG] [FML/]: Examining for coremod candidacy AromaBackup-1.7.10-0.1.0.0.jar
[10:23:12] [main/DEBUG] [FML/]: Not found coremod data in AromaBackup-1.7.10-0.1.0.0.jar
[10:23:12] [main/DEBUG] [FML/]: Examining for coremod candidacy Automagy-1.7.10-0.28.2.jar
[10:23:12] [main/DEBUG] [FML/]: Not found coremod data in Automagy-1.7.10-0.28.2.jar
[10:23:12] [main/DEBUG] [FML/]: Examining for coremod candidacy autopackager-1.5.9a.jar
[10:23:12] [main/DEBUG] [FML/]: Not found coremod data in autopackager-1.5.9a.jar
[10:23:12] [main/DEBUG] [FML/]: Examining for coremod candidacy Bagginses-2.1.1.jar
[10:23:12] [main/DEBUG] [FML/]: Not found coremod data in Bagginses-2.1.1.jar
[10:23:12] [main/DEBUG] [FML/]: Examining for coremod candidacy Baubles-1.7.10-1.0.1.10.jar
[10:23:12] [main/DEBUG] [FML/]: Not found coremod data in Baubles-1.7.10-1.0.1.10.jar
[10:23:12] [main/DEBUG] [FML/]: Examining for coremod candidacy bdlib-1.9.4.109-mc1.7.10.jar
[10:23:12] [main/DEBUG] [FML/]: Not found coremod data in bdlib-1.9.4.109-mc1.7.10.jar
[10:23:12] [main/DEBUG] [FML/]: Examining for coremod candidacy BiblioCraft[v1.11.7][MC1.7.10].jar
[10:23:12] [main/DEBUG] [FML/]: Not found coremod data in BiblioCraft[v1.11.7][MC1.7.10].jar
[10:23:12] [main/DEBUG] [FML/]: Examining for coremod candidacy BiblioWoods[Natura][v1.5].jar
[10:23:12] [main/DEBUG] [FML/]: Not found coremod data in BiblioWoods[Natura][v1.5].jar
[10:23:12] [main/DEBUG] [FML/]: Examining for coremod candidacy BigReactors-0.4.3A.jar
[10:23:12] [main/DEBUG] [FML/]: Not found coremod data in BigReactors-0.4.3A.jar
[10:23:12] [main/DEBUG] [FML/]: Examining for coremod candidacy BloodMagic-1.7.10-1.3.3-17.jar
[10:23:12] [main/DEBUG] [FML/]: Not found coremod data in BloodMagic-1.7.10-1.3.3-17.jar
[10:23:12] [main/DEBUG] [FML/]: Examining for coremod candidacy Botania r1.8-249.jar
[10:23:12] [main/DEBUG] [FML/]: Not found coremod data in Botania r1.8-249.jar
[10:23:12] [main/DEBUG] [FML/]: Examining for coremod candidacy Carpenter's Blocks v3.3.8.2 - MC 1.7.10.jar
[10:23:12] [main/DEBUG] [FML/]: Not found coremod data in Carpenter's Blocks v3.3.8.2 - MC 1.7.10.jar
[10:23:12] [main/DEBUG] [FML/]: Examining for coremod candidacy Chisel-2.9.5.11.jar
[10:23:12] [main/DEBUG] [FML/]: Not found coremod data in Chisel-2.9.5.11.jar
[10:23:12] [main/DEBUG] [FML/]: Examining for coremod candidacy CodeChickenCore-1.7.10-1.0.7.47-universal.jar
[10:23:12] [main/TRACE] [FML/]: Adding CodeChickenCore-1.7.10-1.0.7.47-universal.jar to the list of known coremods, it will not be examined again
[10:23:12] [main/DEBUG] [FML/]: Instantiating coremod class CodeChickenCorePlugin
[10:23:12] [main/WARN] [FML/]: The coremod codechicken.core.launch.CodeChickenCorePlugin does not have a MCVersion annotation, it may cause issues with this version of Minecraft
[10:23:13] [main/INFO] [STDOUT/]: [codechicken.core.launch.DepLoader$DepLoadInst:checkExisting:431]: Deleted old version CodeChickenLib-1.7.10-1.1.3.136-universal.jar
[10:23:15] [main/INFO] [STDOUT/]: [codechicken.core.launch.DepLoader$DepLoadInst:download:343]: Download complete
[10:23:15] [main/DEBUG] [FML/]: Added access transformer class codechicken.core.asm.CodeChickenAccessTransformer to enqueued access transformers
[10:23:15] [main/DEBUG] [FML/]: Enqueued coremod CodeChickenCorePlugin
[10:23:15] [main/DEBUG] [FML/]: Examining for coremod candidacy CodeChickenLib-1.7.10-1.1.3.136-universal.jar
[10:23:15] [main/ERROR] [FML/]: Unable to read the jar file CodeChickenLib-1.7.10-1.1.3.136-universal.jar - ignoring
java.io.FileNotFoundException: C:\Users\Mi\Documents\projects\MultiMC\instances\Agrarian-Skies-2---2.0.4\minecraft\mods\1.7.10\CodeChickenLib-1.7.10-1.1.3.136-universal.jar (Не удается найти указанный файл)
	at java.util.zip.ZipFile.open(Native Method) ~[?:1.8.0_231]
	at java.util.zip.ZipFile.<init>(Unknown Source) ~[?:1.8.0_231]
	at java.util.zip.ZipFile.<init>(Unknown Source) ~[?:1.8.0_231]
	at java.util.jar.JarFile.<init>(Unknown Source) ~[?:1.8.0_231]
	at java.util.jar.JarFile.<init>(Unknown Source) ~[?:1.8.0_231]
	at cpw.mods.fml.relauncher.CoreModManager.discoverCoreMods(CoreModManager.java:308) [forge-1.7.10-10.13.4.1614-1.7.10-universal.jar:?]
	at cpw.mods.fml.relauncher.CoreModManager.handleLaunch(CoreModManager.java:221) [forge-1.7.10-10.13.4.1614-1.7.10-universal.jar:?]
	at cpw.mods.fml.relauncher.FMLLaunchHandler.setupHome(FMLLaunchHandler.java:90) [forge-1.7.10-10.13.4.1614-1.7.10-universal.jar:?]
	at cpw.mods.fml.relauncher.FMLLaunchHandler.setupClient(FMLLaunchHandler.java:67) [forge-1.7.10-10.13.4.1614-1.7.10-universal.jar:?]
	at cpw.mods.fml.relauncher.FMLLaunchHandler.configureForClientLaunch(FMLLaunchHandler.java:34) [forge-1.7.10-10.13.4.1614-1.7.10-universal.jar:?]
	at cpw.mods.fml.common.launcher.FMLTweaker.injectIntoClassLoader(FMLTweaker.java:126) [forge-1.7.10-10.13.4.1614-1.7.10-universal.jar:?]
	at net.minecraft.launchwrapper.Launch.launch(Launch.java:115) [launchwrapper-1.12.jar:?]
	at net.minecraft.launchwrapper.Launch.main(Launch.java:28) [launchwrapper-1.12.jar:?]
	at sun.reflect.NativeMethodAccessorImpl.invoke0(Native Method) ~[?:1.8.0_231]
	at sun.reflect.NativeMethodAccessorImpl.invoke(Unknown Source) ~[?:1.8.0_231]
	at sun.reflect.DelegatingMethodAccessorImpl.invoke(Unknown Source) ~[?:1.8.0_231]
	at java.lang.reflect.Method.invoke(Unknown Source) ~[?:1.8.0_231]
	at org.multimc.onesix.OneSixLauncher.launchWithMainClass(OneSixLauncher.java:196) [NewLaunch.jar:?]
	at org.multimc.onesix.OneSixLauncher.launch(OneSixLauncher.java:231) [NewLaunch.jar:?]
	at org.multimc.EntryPoint.listen(EntryPoint.java:143) [NewLaunch.jar:?]
	at org.multimc.EntryPoint.main(EntryPoint.java:34) [NewLaunch.jar:?]
[10:23:15] [main/DEBUG] [FML/]: Examining for coremod candidacy CoFHCore-[1.7.10]3.1.4-329.jar
[10:23:15] [main/TRACE] [FML/]: Found FMLCorePluginContainsFMLMod marker in CoFHCore-[1.7.10]3.1.4-329.jar, it will be examined later for regular @Mod instances
[10:23:15] [main/DEBUG] [FML/]: Instantiating coremod class LoadingPlugin
[10:23:15] [main/WARN] [FML/]: The coremod cofh.asm.LoadingPlugin does not have a MCVersion annotation, it may cause issues with this version of Minecraft
[10:23:15] [main/DEBUG] [FML/]: Added access transformer class cofh.asm.CoFHAccessTransformer to enqueued access transformers
[10:23:15] [main/DEBUG] [FML/]: Enqueued coremod LoadingPlugin
[10:23:15] [main/DEBUG] [FML/]: Examining for coremod candidacy CoFHLib-[1.7.10]1.2.1-185.jar
[10:23:15] [main/DEBUG] [FML/]: Not found coremod data in CoFHLib-[1.7.10]1.2.1-185.jar
[10:23:15] [main/DEBUG] [FML/]: Examining for coremod candidacy commons-codec-1.9.jar
[10:23:15] [main/DEBUG] [FML/]: Not found coremod data in commons-codec-1.9.jar
[10:23:15] [main/DEBUG] [FML/]: Examining for coremod candidacy commons-compress-1.8.1.jar
[10:23:15] [main/DEBUG] [FML/]: Not found coremod data in commons-compress-1.8.1.jar
[10:23:15] [main/DEBUG] [FML/]: Examining for coremod candidacy compactstorage-1.7.10-release-2.1.0-lts.21-universal.jar
[10:23:15] [main/DEBUG] [FML/]: Not found coremod data in compactstorage-1.7.10-release-2.1.0-lts.21-universal.jar
[10:23:15] [main/DEBUG] [FML/]: Examining for coremod candidacy cookingbook-mc1.7.10-1.0.140.jar
[10:23:15] [main/DEBUG] [FML/]: Not found coremod data in cookingbook-mc1.7.10-1.0.140.jar
[10:23:15] [main/DEBUG] [FML/]: Examining for coremod candidacy Enchiridion 2-1.7.10-2.0.2a.jar
[10:23:15] [main/DEBUG] [FML/]: Not found coremod data in Enchiridion 2-1.7.10-2.0.2a.jar
[10:23:15] [main/DEBUG] [FML/]: Examining for coremod candidacy EnderTech-1.7.10-0.3.2.405.jar
[10:23:15] [main/DEBUG] [FML/]: Not found coremod data in EnderTech-1.7.10-0.3.2.405.jar
[10:23:15] [main/DEBUG] [FML/]: Examining for coremod candidacy Ex-Astris-MC1.7.10-1.16-36.jar
[10:23:15] [main/DEBUG] [FML/]: Not found coremod data in Ex-Astris-MC1.7.10-1.16-36.jar
[10:23:15] [main/DEBUG] [FML/]: Examining for coremod candidacy Ex-Nihilo-1.38-53.jar
[10:23:15] [main/DEBUG] [FML/]: Not found coremod data in Ex-Nihilo-1.38-53.jar
[10:23:15] [main/DEBUG] [FML/]: Examining for coremod candidacy ExtraTiC-1.7.10-1.4.6.jar
[10:23:15] [main/DEBUG] [FML/]: Not found coremod data in ExtraTiC-1.7.10-1.4.6.jar
[10:23:15] [main/DEBUG] [FML/]: Examining for coremod candidacy extrautilities-1.2.12.jar
[10:23:15] [main/DEBUG] [FML/]: Not found coremod data in extrautilities-1.2.12.jar
[10:23:15] [main/DEBUG] [FML/]: Examining for coremod candidacy FastLeafDecay-1.7.10-1.4.jar
[10:23:15] [main/TRACE] [FML/]: Found FMLCorePluginContainsFMLMod marker in FastLeafDecay-1.7.10-1.4.jar, it will be examined later for regular @Mod instances
[10:23:15] [main/DEBUG] [FML/]: Instantiating coremod class FldLoadingPlugin
[10:23:15] [main/DEBUG] [FML/]: The coremod com.olafski.fastleafdecay.FldLoadingPlugin requested minecraft version 1.7.10 and minecraft is 1.7.10. It will be loaded.
[10:23:15] [main/DEBUG] [FML/]: Enqueued coremod FldLoadingPlugin
[10:23:15] [main/DEBUG] [FML/]: Examining for coremod candidacy FlatSigns-1.7.10-universal-2.1.0.19.jar
[10:23:15] [main/DEBUG] [FML/]: Not found coremod data in FlatSigns-1.7.10-universal-2.1.0.19.jar
[10:23:15] [main/DEBUG] [FML/]: Examining for coremod candidacy Forbidden Magic-1.7.10-0.575.jar
[10:23:15] [main/DEBUG] [FML/]: Not found coremod data in Forbidden Magic-1.7.10-0.575.jar
[10:23:15] [main/DEBUG] [FML/]: Examining for coremod candidacy forestry_1.7.10-4.2.16.64.jar
[10:23:15] [main/INFO] [FML/]: Loading tweaker forestry.shade.javacheck.Java7Checker from forestry_1.7.10-4.2.16.64.jar
[10:23:15] [main/DEBUG] [FML/]: Examining for coremod candidacy ForgeMultipart-1.7.10-1.2.0.345-universal.jar
[10:23:15] [main/TRACE] [FML/]: Found FMLCorePluginContainsFMLMod marker in ForgeMultipart-1.7.10-1.2.0.345-universal.jar, it will be examined later for regular @Mod instances
[10:23:15] [main/DEBUG] [FML/]: Instantiating coremod class DepLoader
[10:23:15] [main/WARN] [FML/]: The coremod codechicken.core.launch.DepLoader does not have a MCVersion annotation, it may cause issues with this version of Minecraft
[10:23:15] [main/DEBUG] [FML/]: Enqueued coremod DepLoader
[10:23:15] [main/DEBUG] [FML/]: Examining for coremod candidacy gendustry-1.6.4.135-mc1.7.10.jar
[10:23:15] [main/DEBUG] [FML/]: Not found coremod data in gendustry-1.6.4.135-mc1.7.10.jar
[10:23:15] [main/DEBUG] [FML/]: Examining for coremod candidacy gud_thaumicnei-1.3.0.jar
[10:23:15] [main/DEBUG] [FML/]: Not found coremod data in gud_thaumicnei-1.3.0.jar
[10:23:15] [main/DEBUG] [FML/]: Examining for coremod candidacy Guide-API-1.7.10-1.0.1-29.jar
[10:23:15] [main/DEBUG] [FML/]: Not found coremod data in Guide-API-1.7.10-1.0.1-29.jar
[10:23:15] [main/DEBUG] [FML/]: Examining for coremod candidacy Headcrumbs-1.7.4.jar
[10:23:15] [main/DEBUG] [FML/]: Not found coremod data in Headcrumbs-1.7.4.jar
[10:23:15] [main/DEBUG] [FML/]: Examining for coremod candidacy HungerOverhaul-1.7.10-1.0.0.jenkins104.jar
[10:23:15] [main/DEBUG] [FML/]: Not found coremod data in HungerOverhaul-1.7.10-1.0.0.jenkins104.jar
[10:23:15] [main/DEBUG] [FML/]: Examining for coremod candidacy IguanaTinkerTweaks-1.7.10-2.1.6.jar
[10:23:15] [main/DEBUG] [FML/]: Not found coremod data in IguanaTinkerTweaks-1.7.10-2.1.6.jar
[10:23:15] [main/DEBUG] [FML/]: Examining for coremod candidacy InventoryTweaks-1.59-dev-152.jar
[10:23:15] [main/TRACE] [FML/]: Found FMLCorePluginContainsFMLMod marker in InventoryTweaks-1.59-dev-152.jar, it will be examined later for regular @Mod instances
[10:23:15] [main/DEBUG] [FML/]: Instantiating coremod class FMLPlugin
[10:23:15] [main/WARN] [FML/]: The coremod invtweaks.forge.asm.FMLPlugin does not have a MCVersion annotation, it may cause issues with this version of Minecraft
[10:23:15] [main/DEBUG] [FML/]: Added access transformer class invtweaks.forge.asm.ITAccessTransformer to enqueued access transformers
[10:23:15] [main/DEBUG] [FML/]: Enqueued coremod FMLPlugin
[10:23:15] [main/DEBUG] [FML/]: Examining for coremod candidacy Jabba-1.2.2_1.7.10.jar
[10:23:15] [main/DEBUG] [FML/]: Not found coremod data in Jabba-1.2.2_1.7.10.jar
[10:23:15] [main/DEBUG] [FML/]: Examining for coremod candidacy JadedLibs-1.7.10-1.0.5.jar
[10:23:15] [main/TRACE] [FML/]: Adding JadedLibs-1.7.10-1.0.5.jar to the list of known coremods, it will not be examined again
[10:23:15] [main/DEBUG] [FML/]: Instantiating coremod class JadedLibsCorePlugin
[10:23:15] [main/WARN] [FML/]: The coremod com.jadedpacks.jadedlibs.JadedLibsCorePlugin does not have a MCVersion annotation, it may cause issues with this version of Minecraft
[10:23:15] [main/INFO] [STDOUT/]: [com.jadedpacks.jadedlibs.JadedLibsInst:download:94]: Downloading file 'BetterQuesting-2.0-JADED_PATCHED.jar' from url 'https://github.com/JadedPacks/Agrarian-Skies-2/raw/master/modz/BetterQuesting-2.0-JADED_PATCHED.jar
[10:23:32] [main/INFO] [STDOUT/]: [com.jadedpacks.jadedlibs.JadedLibsInst:download:101]: Download complete
[10:23:32] [main/INFO] [STDOUT/]: [com.jadedpacks.jadedlibs.JadedLibsInst:download:94]: Downloading file 'StandardExpansion-2.0-JADED_PATCHED.jar' from url 'https://github.com/JadedPacks/Agrarian-Skies-2/raw/master/modz/StandardExpansion-2.0-JADED_PATCHED.jar
[10:23:35] [main/INFO] [STDOUT/]: [com.jadedpacks.jadedlibs.JadedLibsInst:download:101]: Download complete
[10:23:35] [main/INFO] [STDOUT/]: [com.jadedpacks.jadedlibs.JadedLibsInst:download:94]: Downloading file 'questbook-2.1.0-1.7.10.jar' from url 'https://github.com/JadedPacks/Agrarian-Skies-2/raw/master/modz/questbook-2.1.0-1.7.10.jar
[10:43:53] [main/INFO] [STDERR/]: [java.lang.Throwable$WrappedPrintStream:println:-1]: java.lang.RuntimeException: Download error
[10:43:53] [main/INFO] [STDERR/]: [java.lang.Throwable$WrappedPrintStream:println:-1]: 	at com.jadedpacks.jadedlibs.JadedLibsInst.download(JadedLibsInst.java:108)
[10:43:53] [main/INFO] [STDERR/]: [java.lang.Throwable$WrappedPrintStream:println:-1]: 	at com.jadedpacks.jadedlibs.JadedLibsInst.loadDeps(JadedLibsInst.java:71)
[10:43:53] [main/INFO] [STDERR/]: [java.lang.Throwable$WrappedPrintStream:println:-1]: 	at com.jadedpacks.jadedlibs.JadedLibsInst.load(JadedLibsInst.java:49)
[10:43:53] [main/INFO] [STDERR/]: [java.lang.Throwable$WrappedPrintStream:println:-1]: 	at com.jadedpacks.jadedlibs.JadedLibsCorePlugin.load(JadedLibsCorePlugin.java:47)
[10:43:53] [main/INFO] [STDERR/]: [java.lang.Throwable$WrappedPrintStream:println:-1]: 	at com.jadedpacks.jadedlibs.JadedLibsCorePlugin.<init>(JadedLibsCorePlugin.java:12)
[10:43:53] [main/INFO] [STDERR/]: [java.lang.Throwable$WrappedPrintStream:println:-1]: 	at sun.reflect.NativeConstructorAccessorImpl.newInstance0(Native Method)
[10:43:53] [main/INFO] [STDERR/]: [java.lang.Throwable$WrappedPrintStream:println:-1]: 	at sun.reflect.NativeConstructorAccessorImpl.newInstance(Unknown Source)
[10:43:53] [main/INFO] [STDERR/]: [java.lang.Throwable$WrappedPrintStream:println:-1]: 	at sun.reflect.DelegatingConstructorAccessorImpl.newInstance(Unknown Source)
[10:43:53] [main/INFO] [STDERR/]: [java.lang.Throwable$WrappedPrintStream:println:-1]: 	at java.lang.reflect.Constructor.newInstance(Unknown Source)
[10:43:53] [main/INFO] [STDERR/]: [java.lang.Throwable$WrappedPrintStream:println:-1]: 	at java.lang.Class.newInstance(Unknown Source)
[10:43:53] [main/INFO] [STDERR/]: [java.lang.Throwable$WrappedPrintStream:println:-1]: 	at cpw.mods.fml.relauncher.CoreModManager.loadCoreMod(CoreModManager.java:501)
[10:43:53] [main/INFO] [STDERR/]: [java.lang.Throwable$WrappedPrintStream:println:-1]: 	at cpw.mods.fml.relauncher.CoreModManager.discoverCoreMods(CoreModManager.java:389)
[10:43:53] [main/INFO] [STDERR/]: [java.lang.Throwable$WrappedPrintStream:println:-1]: 	at cpw.mods.fml.relauncher.CoreModManager.handleLaunch(CoreModManager.java:221)
[10:43:53] [main/INFO] [STDERR/]: [java.lang.Throwable$WrappedPrintStream:println:-1]: 	at cpw.mods.fml.relauncher.FMLLaunchHandler.setupHome(FMLLaunchHandler.java:90)
[10:43:53] [main/INFO] [STDERR/]: [java.lang.Throwable$WrappedPrintStream:println:-1]: 	at cpw.mods.fml.relauncher.FMLLaunchHandler.setupClient(FMLLaunchHandler.java:67)
[10:43:53] [main/INFO] [STDERR/]: [java.lang.Throwable$WrappedPrintStream:println:-1]: 	at cpw.mods.fml.relauncher.FMLLaunchHandler.configureForClientLaunch(FMLLaunchHandler.java:34)
[10:43:53] [main/INFO] [STDERR/]: [java.lang.Throwable$WrappedPrintStream:println:-1]: 	at cpw.mods.fml.common.launcher.FMLTweaker.injectIntoClassLoader(FMLTweaker.java:126)
[10:43:53] [main/INFO] [STDERR/]: [java.lang.Throwable$WrappedPrintStream:println:-1]: 	at net.minecraft.launchwrapper.Launch.launch(Launch.java:115)
[10:43:53] [main/INFO] [STDERR/]: [java.lang.Throwable$WrappedPrintStream:println:-1]: 	at net.minecraft.launchwrapper.Launch.main(Launch.java:28)
[10:43:53] [main/INFO] [STDERR/]: [java.lang.Throwable$WrappedPrintStream:println:-1]: 	at sun.reflect.NativeMethodAccessorImpl.invoke0(Native Method)
[10:43:53] [main/INFO] [STDERR/]: [java.lang.Throwable$WrappedPrintStream:println:-1]: 	at sun.reflect.NativeMethodAccessorImpl.invoke(Unknown Source)
[10:43:53] [main/INFO] [STDERR/]: [java.lang.Throwable$WrappedPrintStream:println:-1]: 	at sun.reflect.DelegatingMethodAccessorImpl.invoke(Unknown Source)
[10:43:53] [main/INFO] [STDERR/]: [java.lang.Throwable$WrappedPrintStream:println:-1]: 	at java.lang.reflect.Method.invoke(Unknown Source)
[10:43:53] [main/INFO] [STDERR/]: [java.lang.Throwable$WrappedPrintStream:println:-1]: 	at org.multimc.onesix.OneSixLauncher.launchWithMainClass(OneSixLauncher.java:196)
[10:43:53] [main/INFO] [STDERR/]: [java.lang.Throwable$WrappedPrintStream:println:-1]: 	at org.multimc.onesix.OneSixLauncher.launch(OneSixLauncher.java:231)
[10:43:53] [main/INFO] [STDERR/]: [java.lang.Throwable$WrappedPrintStream:println:-1]: 	at org.multimc.EntryPoint.listen(EntryPoint.java:143)
[10:43:53] [main/INFO] [STDERR/]: [java.lang.Throwable$WrappedPrintStream:println:-1]: 	at org.multimc.EntryPoint.main(EntryPoint.java:34)
[10:43:53] [main/INFO] [STDERR/]: [java.lang.Throwable$WrappedPrintStream:println:-1]: Caused by: java.io.FileNotFoundException: https://github.com/JadedPacks/Agrarian-Skies-2/raw/master/modz/questbook-2.1.0-1.7.10.jar
[10:43:53] [main/INFO] [STDERR/]: [java.lang.Throwable$WrappedPrintStream:println:-1]: 	at sun.net.www.protocol.http.HttpURLConnection.getInputStream0(Unknown Source)
[10:43:53] [main/INFO] [STDERR/]: [java.lang.Throwable$WrappedPrintStream:println:-1]: 	at sun.net.www.protocol.http.HttpURLConnection.access$200(Unknown Source)
[10:43:53] [main/INFO] [STDERR/]: [java.lang.Throwable$WrappedPrintStream:println:-1]: 	at sun.net.www.protocol.http.HttpURLConnection$9.run(Unknown Source)
[10:43:53] [main/INFO] [STDERR/]: [java.lang.Throwable$WrappedPrintStream:println:-1]: 	at sun.net.www.protocol.http.HttpURLConnection$9.run(Unknown Source)
[10:43:53] [main/INFO] [STDERR/]: [java.lang.Throwable$WrappedPrintStream:println:-1]: 	at java.security.AccessController.doPrivileged(Native Method)
[10:43:53] [main/INFO] [STDERR/]: [java.lang.Throwable$WrappedPrintStream:println:-1]: 	at java.security.AccessController.doPrivilegedWithCombiner(Unknown Source)
[10:43:53] [main/INFO] [STDERR/]: [java.lang.Throwable$WrappedPrintStream:println:-1]: 	at sun.net.www.protocol.http.HttpURLConnection.getInputStream(Unknown Source)
[10:43:53] [main/INFO] [STDERR/]: [java.lang.Throwable$WrappedPrintStream:println:-1]: 	at sun.net.www.protocol.https.HttpsURLConnectionImpl.getInputStream(Unknown Source)
[10:43:53] [main/INFO] [STDERR/]: [java.lang.Throwable$WrappedPrintStream:println:-1]: 	at com.jadedpacks.jadedlibs.JadedLibsInst.download(JadedLibsInst.java:99)
[10:43:53] [main/INFO] [STDERR/]: [java.lang.Throwable$WrappedPrintStream:println:-1]: 	... 26 more
[10:43:53] [main/ERROR] [FML/]: An error occurred trying to configure the minecraft home at C:\Users\Mi\Documents\projects\MultiMC\instances\Agrarian-Skies-2---2.0.4\minecraft for Forge Mod Loader
java.lang.RuntimeException: Download error
	at com.jadedpacks.jadedlibs.JadedLibsInst.download(JadedLibsInst.java:108) ~[JadedLibsInst.class:?]
	at com.jadedpacks.jadedlibs.JadedLibsInst.loadDeps(JadedLibsInst.java:71) ~[JadedLibsInst.class:?]
	at com.jadedpacks.jadedlibs.JadedLibsInst.load(JadedLibsInst.java:49) ~[JadedLibsInst.class:?]
	at com.jadedpacks.jadedlibs.JadedLibsCorePlugin.load(JadedLibsCorePlugin.java:47) ~[JadedLibs-1.7.10-1.0.5.jar:?]
	at com.jadedpacks.jadedlibs.JadedLibsCorePlugin.<init>(JadedLibsCorePlugin.java:12) ~[JadedLibs-1.7.10-1.0.5.jar:?]
	at sun.reflect.NativeConstructorAccessorImpl.newInstance0(Native Method) ~[?:1.8.0_231]
	at sun.reflect.NativeConstructorAccessorImpl.newInstance(Unknown Source) ~[?:1.8.0_231]
	at sun.reflect.DelegatingConstructorAccessorImpl.newInstance(Unknown Source) ~[?:1.8.0_231]
	at java.lang.reflect.Constructor.newInstance(Unknown Source) ~[?:1.8.0_231]
	at java.lang.Class.newInstance(Unknown Source) ~[?:1.8.0_231]
	at cpw.mods.fml.relauncher.CoreModManager.loadCoreMod(CoreModManager.java:501) ~[forge-1.7.10-10.13.4.1614-1.7.10-universal.jar:?]
	at cpw.mods.fml.relauncher.CoreModManager.discoverCoreMods(CoreModManager.java:389) ~[forge-1.7.10-10.13.4.1614-1.7.10-universal.jar:?]
	at cpw.mods.fml.relauncher.CoreModManager.handleLaunch(CoreModManager.java:221) ~[forge-1.7.10-10.13.4.1614-1.7.10-universal.jar:?]
	at cpw.mods.fml.relauncher.FMLLaunchHandler.setupHome(FMLLaunchHandler.java:90) [forge-1.7.10-10.13.4.1614-1.7.10-universal.jar:?]
	at cpw.mods.fml.relauncher.FMLLaunchHandler.setupClient(FMLLaunchHandler.java:67) [forge-1.7.10-10.13.4.1614-1.7.10-universal.jar:?]
	at cpw.mods.fml.relauncher.FMLLaunchHandler.configureForClientLaunch(FMLLaunchHandler.java:34) [forge-1.7.10-10.13.4.1614-1.7.10-universal.jar:?]
	at cpw.mods.fml.common.launcher.FMLTweaker.injectIntoClassLoader(FMLTweaker.java:126) [forge-1.7.10-10.13.4.1614-1.7.10-universal.jar:?]
	at net.minecraft.launchwrapper.Launch.launch(Launch.java:115) [launchwrapper-1.12.jar:?]
	at net.minecraft.launchwrapper.Launch.main(Launch.java:28) [launchwrapper-1.12.jar:?]
	at sun.reflect.NativeMethodAccessorImpl.invoke0(Native Method) ~[?:1.8.0_231]
	at sun.reflect.NativeMethodAccessorImpl.invoke(Unknown Source) ~[?:1.8.0_231]
	at sun.reflect.DelegatingMethodAccessorImpl.invoke(Unknown Source) ~[?:1.8.0_231]
	at java.lang.reflect.Method.invoke(Unknown Source) ~[?:1.8.0_231]
	at org.multimc.onesix.OneSixLauncher.launchWithMainClass(OneSixLauncher.java:196) [NewLaunch.jar:?]
	at org.multimc.onesix.OneSixLauncher.launch(OneSixLauncher.java:231) [NewLaunch.jar:?]
	at org.multimc.EntryPoint.listen(EntryPoint.java:143) [NewLaunch.jar:?]
	at org.multimc.EntryPoint.main(EntryPoint.java:34) [NewLaunch.jar:?]
Caused by: java.io.FileNotFoundException: https://github.com/JadedPacks/Agrarian-Skies-2/raw/master/modz/questbook-2.1.0-1.7.10.jar
	at sun.net.www.protocol.http.HttpURLConnection.getInputStream0(Unknown Source) ~[?:1.8.0_231]
	at sun.net.www.protocol.http.HttpURLConnection.access$200(Unknown Source) ~[?:1.8.0_231]
	at sun.net.www.protocol.http.HttpURLConnection$9.run(Unknown Source) ~[?:1.8.0_231]
	at sun.net.www.protocol.http.HttpURLConnection$9.run(Unknown Source) ~[?:1.8.0_231]
	at java.security.AccessController.doPrivileged(Native Method) ~[?:1.8.0_231]
	at java.security.AccessController.doPrivilegedWithCombiner(Unknown Source) ~[?:1.8.0_231]
	at sun.net.www.protocol.http.HttpURLConnection.getInputStream(Unknown Source) ~[?:1.8.0_231]
	at sun.net.www.protocol.https.HttpsURLConnectionImpl.getInputStream(Unknown Source) ~[?:1.8.0_231]
	at com.jadedpacks.jadedlibs.JadedLibsInst.download(JadedLibsInst.java:99) ~[JadedLibsInst.class:?]
	... 26 more
[10:43:53] [main/ERROR] [LaunchWrapper/]: Unable to launch
java.lang.RuntimeException: Download error
	at com.jadedpacks.jadedlibs.JadedLibsInst.download(JadedLibsInst.java:108) ~[JadedLibsInst.class:?]
	at com.jadedpacks.jadedlibs.JadedLibsInst.loadDeps(JadedLibsInst.java:71) ~[JadedLibsInst.class:?]
	at com.jadedpacks.jadedlibs.JadedLibsInst.load(JadedLibsInst.java:49) ~[JadedLibsInst.class:?]
	at com.jadedpacks.jadedlibs.JadedLibsCorePlugin.load(JadedLibsCorePlugin.java:47) ~[JadedLibs-1.7.10-1.0.5.jar:?]
	at com.jadedpacks.jadedlibs.JadedLibsCorePlugin.<init>(JadedLibsCorePlugin.java:12) ~[JadedLibs-1.7.10-1.0.5.jar:?]
	at sun.reflect.NativeConstructorAccessorImpl.newInstance0(Native Method) ~[?:1.8.0_231]
	at sun.reflect.NativeConstructorAccessorImpl.newInstance(Unknown Source) ~[?:1.8.0_231]
	at sun.reflect.DelegatingConstructorAccessorImpl.newInstance(Unknown Source) ~[?:1.8.0_231]
	at java.lang.reflect.Constructor.newInstance(Unknown Source) ~[?:1.8.0_231]
	at java.lang.Class.newInstance(Unknown Source) ~[?:1.8.0_231]
	at cpw.mods.fml.relauncher.CoreModManager.loadCoreMod(CoreModManager.java:501) ~[forge-1.7.10-10.13.4.1614-1.7.10-universal.jar:?]
	at cpw.mods.fml.relauncher.CoreModManager.discoverCoreMods(CoreModManager.java:389) ~[forge-1.7.10-10.13.4.1614-1.7.10-universal.jar:?]
	at cpw.mods.fml.relauncher.CoreModManager.handleLaunch(CoreModManager.java:221) ~[forge-1.7.10-10.13.4.1614-1.7.10-universal.jar:?]
	at cpw.mods.fml.relauncher.FMLLaunchHandler.setupHome(FMLLaunchHandler.java:90) ~[forge-1.7.10-10.13.4.1614-1.7.10-universal.jar:?]
	at cpw.mods.fml.relauncher.FMLLaunchHandler.setupClient(FMLLaunchHandler.java:67) ~[forge-1.7.10-10.13.4.1614-1.7.10-universal.jar:?]
	at cpw.mods.fml.relauncher.FMLLaunchHandler.configureForClientLaunch(FMLLaunchHandler.java:34) ~[forge-1.7.10-10.13.4.1614-1.7.10-universal.jar:?]
	at cpw.mods.fml.common.launcher.FMLTweaker.injectIntoClassLoader(FMLTweaker.java:126) ~[forge-1.7.10-10.13.4.1614-1.7.10-universal.jar:?]
	at net.minecraft.launchwrapper.Launch.launch(Launch.java:115) [launchwrapper-1.12.jar:?]
	at net.minecraft.launchwrapper.Launch.main(Launch.java:28) [launchwrapper-1.12.jar:?]
	at sun.reflect.NativeMethodAccessorImpl.invoke0(Native Method) ~[?:1.8.0_231]
	at sun.reflect.NativeMethodAccessorImpl.invoke(Unknown Source) ~[?:1.8.0_231]
	at sun.reflect.DelegatingMethodAccessorImpl.invoke(Unknown Source) ~[?:1.8.0_231]
	at java.lang.reflect.Method.invoke(Unknown Source) ~[?:1.8.0_231]
	at org.multimc.onesix.OneSixLauncher.launchWithMainClass(OneSixLauncher.java:196) [NewLaunch.jar:?]
	at org.multimc.onesix.OneSixLauncher.launch(OneSixLauncher.java:231) [NewLaunch.jar:?]
	at org.multimc.EntryPoint.listen(EntryPoint.java:143) [NewLaunch.jar:?]
	at org.multimc.EntryPoint.main(EntryPoint.java:34) [NewLaunch.jar:?]
Caused by: java.io.FileNotFoundException: https://github.com/JadedPacks/Agrarian-Skies-2/raw/master/modz/questbook-2.1.0-1.7.10.jar
	at sun.net.www.protocol.http.HttpURLConnection.getInputStream0(Unknown Source) ~[?:1.8.0_231]
	at sun.net.www.protocol.http.HttpURLConnection.access$200(Unknown Source) ~[?:1.8.0_231]
	at sun.net.www.protocol.http.HttpURLConnection$9.run(Unknown Source) ~[?:1.8.0_231]
	at sun.net.www.protocol.http.HttpURLConnection$9.run(Unknown Source) ~[?:1.8.0_231]
	at java.security.AccessController.doPrivileged(Native Method) ~[?:1.8.0_231]
	at java.security.AccessController.doPrivilegedWithCombiner(Unknown Source) ~[?:1.8.0_231]
	at sun.net.www.protocol.http.HttpURLConnection.getInputStream(Unknown Source) ~[?:1.8.0_231]
	at sun.net.www.protocol.https.HttpsURLConnectionImpl.getInputStream(Unknown Source) ~[?:1.8.0_231]
	at com.jadedpacks.jadedlibs.JadedLibsInst.download(JadedLibsInst.java:99) ~[JadedLibsInst.class:?]
	... 26 more
[10:43:53] [main/INFO] [STDERR/]: [org.multimc.onesix.OneSixLauncher:launchWithMainClass:199]: Failed to start Minecraft:
[10:43:53] [main/INFO] [STDERR/]: [java.lang.Throwable$WrappedPrintStream:println:-1]: java.lang.reflect.InvocationTargetException
[10:43:53] [main/INFO] [STDERR/]: [java.lang.Throwable$WrappedPrintStream:println:-1]: 	at sun.reflect.NativeMethodAccessorImpl.invoke0(Native Method)
[10:43:53] [main/INFO] [STDERR/]: [java.lang.Throwable$WrappedPrintStream:println:-1]: 	at sun.reflect.NativeMethodAccessorImpl.invoke(Unknown Source)
[10:43:53] [main/INFO] [STDERR/]: [java.lang.Throwable$WrappedPrintStream:println:-1]: 	at sun.reflect.DelegatingMethodAccessorImpl.invoke(Unknown Source)
[10:43:53] [main/INFO] [STDERR/]: [java.lang.Throwable$WrappedPrintStream:println:-1]: 	at java.lang.reflect.Method.invoke(Unknown Source)
[10:43:53] [main/INFO] [STDERR/]: [java.lang.Throwable$WrappedPrintStream:println:-1]: 	at org.multimc.onesix.OneSixLauncher.launchWithMainClass(OneSixLauncher.java:196)
[10:43:53] [main/INFO] [STDERR/]: [java.lang.Throwable$WrappedPrintStream:println:-1]: 	at org.multimc.onesix.OneSixLauncher.launch(OneSixLauncher.java:231)
[10:43:53] [main/INFO] [STDERR/]: [java.lang.Throwable$WrappedPrintStream:println:-1]: 	at org.multimc.EntryPoint.listen(EntryPoint.java:143)
[10:43:53] [main/INFO] [STDERR/]: [java.lang.Throwable$WrappedPrintStream:println:-1]: 	at org.multimc.EntryPoint.main(EntryPoint.java:34)
[10:43:53] [main/INFO] [STDERR/]: [java.lang.Throwable$WrappedPrintStream:println:-1]: Caused by: cpw.mods.fml.relauncher.FMLSecurityManager$ExitTrappedException
[10:43:53] [main/INFO] [STDERR/]: [java.lang.Throwable$WrappedPrintStream:println:-1]: 	at cpw.mods.fml.relauncher.FMLSecurityManager.checkPermission(FMLSecurityManager.java:25)
[10:43:53] [main/INFO] [STDERR/]: [java.lang.Throwable$WrappedPrintStream:println:-1]: 	at java.lang.SecurityManager.checkExit(Unknown Source)
[10:43:53] [main/INFO] [STDERR/]: [java.lang.Throwable$WrappedPrintStream:println:-1]: 	at java.lang.Runtime.exit(Unknown Source)
[10:43:53] [main/INFO] [STDERR/]: [java.lang.Throwable$WrappedPrintStream:println:-1]: 	at java.lang.System.exit(Unknown Source)
[10:43:53] [main/INFO] [STDERR/]: [java.lang.Throwable$WrappedPrintStream:println:-1]: 	at net.minecraft.launchwrapper.Launch.launch(Launch.java:138)
[10:43:53] [main/INFO] [STDERR/]: [java.lang.Throwable$WrappedPrintStream:println:-1]: 	at net.minecraft.launchwrapper.Launch.main(Launch.java:28)
[10:43:53] [main/INFO] [STDERR/]: [java.lang.Throwable$WrappedPrintStream:println:-1]: 	... 8 more
[10:43:53] [main/INFO] [STDOUT/]: [org.multimc.EntryPoint:main:37]: Exiting with -1
[10:43:53] [main/INFO] [STDERR/]: [java.lang.Throwable$WrappedPrintStream:println:-1]: java.lang.ArrayIndexOutOfBoundsException: 5
[10:43:53] [main/INFO] [STDERR/]: [java.lang.Throwable$WrappedPrintStream:println:-1]: 	at cpw.mods.fml.relauncher.FMLSecurityManager.checkPermission(FMLSecurityManager.java:21)
[10:43:53] [main/INFO] [STDERR/]: [java.lang.Throwable$WrappedPrintStream:println:-1]: 	at java.lang.SecurityManager.checkExit(Unknown Source)
[10:43:53] [main/INFO] [STDERR/]: [java.lang.Throwable$WrappedPrintStream:println:-1]: 	at java.lang.Runtime.exit(Unknown Source)
[10:43:53] [main/INFO] [STDERR/]: [java.lang.Throwable$WrappedPrintStream:println:-1]: 	at java.lang.System.exit(Unknown Source)
[10:43:53] [main/INFO] [STDERR/]: [java.lang.Throwable$WrappedPrintStream:println:-1]: 	at org.multimc.EntryPoint.main(EntryPoint.java:38)
