[17:51:30] [main/INFO]: Setting user: Araider
[17:51:31] [Client thread/INFO]: LWJGL Version: 2.9.4
[17:52:02] [Client thread/INFO]: Reloading ResourceManager: Default, FMLFileResourcePack:Forge Mod Loader, FMLFileResourcePack:Minecraft Forge, FMLFileResourcePack:Not Enough Items, FMLFileResourcePack:Accidentally Circumstantial Events, FMLFileResourcePack:AE2 Stuff, FMLFileResourcePack:AgriCraft, FMLFileResourcePack:AppleCore, FMLFileResourcePack:Applied Energistics 2, FMLFileResourcePack:Aroma1997Core|Helper, FMLFileResourcePack:AromaBackup, FMLFileResourcePack:AromaBackup Recovery, FMLFileResourcePack:Automagy, FMLFileResourcePack:AutoPackager, FMLFileResourcePack:Bagginses, FMLFileResourcePack:BD Lib, FMLFileResourcePack:Better Questing, FMLFileResourcePack:BiblioCraft, FMLFileResourcePack:BiblioWoods Natura Edition, FMLFileResourcePack:Big Reactors, FMLFileResourcePack:Blood Magic: Alchemical Wizardry, FMLFileResourcePack:Botania, FMLFileResourcePack:Carpenter's Blocks, FMLFileResourcePack:Chisel, FMLFileResourcePack:CoFH Core, FMLFileResourcePack:CompactStorage, FMLFileResourcePack:Cooking for Blockheads, FMLFileResourcePack:Enchiridion, FMLFileResourcePack:Enchiridion 2, FMLFileResourcePack:EnderTech, FMLFileResourcePack:Ex Astris, FMLFileResourcePack:Ex Nihilo, FMLFileResourcePack:ExtraTiC, FMLFileResourcePack:Extra Utilities, FMLFileResourcePack:Fast Leaf Decay, FMLFileResourcePack:Flat Signs, FMLFileResourcePack:Forbidden Magic, FMLFileResourcePack:Forestry for Minecraft, FMLFileResourcePack:Forge Microblocks, FMLFileResourcePack:Forge Multipart, FMLFileResourcePack:Minecraft Multipart Plugin, FMLFileResourcePack:GenDustry, FMLFileResourcePack:Thaumic NEI, FMLFileResourcePack:Guide-API, FMLFileResourcePack:Headcrumbs, FMLFileResourcePack:Hunger Overhaul, FMLFileResourcePack:Iguana Tinker Tweaks, FMLFileResourcePack:Inventory Tweaks, FMLFileResourcePack:JABBA, FMLFileResourcePack:JadedMaps, FMLFileResourcePack:JadedMenu, FMLFileResourcePack:JadedNEI, FMLFileResourcePack:JadedOceanSpawns, FMLFileResourcePack:Jadeds Shinies, FMLFileResourcePack:JourneyMap, FMLFileResourcePack:Let's Encrypt Craft, FMLFileResourcePack:Magic Bees, FMLFileResourcePack:Mantle, FMLFileResourcePack:MineFactory Reloaded, FMLFileResourcePack:MFR Compat: Applied Energistics, FMLFileResourcePack:MFR Compat: Forestry, FMLFileResourcePack:MFR Compat: ForgeMicroblock, FMLFileResourcePack:MFR Compat: Thaumcraft, FMLFileResourcePack:MFR Compat: Thermal Expansion, FMLFileResourcePack:MFR Compat: Tinkers' Construct, FMLFileResourcePack:MFR Compat: Vanilla, FMLFileResourcePack:MineTogether, FMLFileResourcePack:MineTogetherServer, FMLFileResourcePack:MineTweaker 3, FMLFileResourcePack:Mod Tweaker 2, FMLFileResourcePack:Natura, FMLFileResourcePack:NEI Addons: Developer Tools, FMLFileResourcePack:NEI Addons: Applied Energistics 2, FMLFileResourcePack:NEI Addons: Botany, FMLFileResourcePack:NEI Addons: Forestry, FMLFileResourcePack:NEI Addons: Crafting Tables, FMLFileResourcePack:NEI Addons, FMLFileResourcePack:NEI Addons: Ex Nihilo, FMLFileResourcePack:NEI Integration, FMLFileResourcePack:Nether Ores, FMLFileResourcePack:NodalMechanics, FMLFileResourcePack:ObsidiPlates, FMLFileResourcePack:OreExcavation, FMLFileResourcePack:Pam's HarvestCraft, FMLFileResourcePack:Progressive Automation, FMLFileResourcePack:Better Questing Quest Book, FMLFileResourcePack:Rainmaker, FMLFileResourcePack:ReAuth, FMLFileResourcePack:Recall Stones, FMLFileResourcePack:Redstone Arsenal, FMLFileResourcePack:Refined Relocation, FMLFileResourcePack:Resource Loader, FMLFileResourcePack:RF Windmill, FMLFileResourcePack:Router Reborn, FMLFileResourcePack:Sanguimancy, FMLFileResourcePack:SimpleLabels, FMLFileResourcePack:Simply Jetpacks, FMLFileResourcePack:Solar Flux, FMLFileResourcePack:Special AI, FMLFileResourcePack:Standard Expansion, FMLFileResourcePack:Steve's Workshop, FMLFileResourcePack:Storage Drawers, FMLFileResourcePack:Storage Drawers: Natura Pack, FMLFileResourcePack:Super Crafting Frame, FMLFileResourcePack:TC Inventory Scanning, FMLFileResourcePack:TC Node Tracker, FMLFileResourcePack:Tinkers' Construct, FMLFileResourcePack:Thaumcraft, FMLFileResourcePack:Thaumcraft NEI Plugin, FMLFileResourcePack:Thaumic Energistics, FMLFileResourcePack:Thaumic Horizons, FMLFileResourcePack:Thaumic Tinkerer, FMLFileResourcePack:Thermal Casting, FMLFileResourcePack:Thermal Dynamics, FMLFileResourcePack:Thermal Expansion, FMLFileResourcePack:Thermal Foundation, FMLFileResourcePack:TiC Tooltips, FMLFileResourcePack:Traveller's Gear, FMLFileResourcePack:Waila, FMLFileResourcePack:Waila Harvestability, FMLFileResourcePack:Witching Gadgets, FMLFileResourcePack:Baubles
[17:52:02] [Client thread/WARN]: ResourcePack: ignored non-lowercase namespace: alchemicalwizardryBooks in C:\Users\Mi\Documents\projects\MultiMC\instances\Agrarian-Skies-2---2.0.4\minecraft\mods\BloodMagic-1.7.10-1.3.3-17.jar
[17:52:02] [Client thread/WARN]: ResourcePack: ignored non-lowercase namespace: alchemicalwizardryBooks in C:\Users\Mi\Documents\projects\MultiMC\instances\Agrarian-Skies-2---2.0.4\minecraft\mods\BloodMagic-1.7.10-1.3.3-17.jar
[17:52:02] [Client thread/WARN]: ResourcePack: ignored non-lowercase namespace: alchemicalwizardryBooks in C:\Users\Mi\Documents\projects\MultiMC\instances\Agrarian-Skies-2---2.0.4\minecraft\mods\BloodMagic-1.7.10-1.3.3-17.jar
[17:52:02] [Client thread/WARN]: ResourcePack: ignored non-lowercase namespace: alchemicalwizardryBooks in C:\Users\Mi\Documents\projects\MultiMC\instances\Agrarian-Skies-2---2.0.4\minecraft\mods\BloodMagic-1.7.10-1.3.3-17.jar
[17:52:02] [Client thread/WARN]: ResourcePack: ignored non-lowercase namespace: alchemicalwizardryBooks in C:\Users\Mi\Documents\projects\MultiMC\instances\Agrarian-Skies-2---2.0.4\minecraft\mods\BloodMagic-1.7.10-1.3.3-17.jar
[17:52:02] [Client thread/WARN]: ResourcePack: ignored non-lowercase namespace: alchemicalwizardryBooks in C:\Users\Mi\Documents\projects\MultiMC\instances\Agrarian-Skies-2---2.0.4\minecraft\mods\BloodMagic-1.7.10-1.3.3-17.jar
[17:52:02] [Client thread/WARN]: ResourcePack: ignored non-lowercase namespace: HungerOverhaul in C:\Users\Mi\Documents\projects\MultiMC\instances\Agrarian-Skies-2---2.0.4\minecraft\mods\HungerOverhaul-1.7.10-1.0.0.jenkins104.jar
[17:52:02] [Client thread/WARN]: ResourcePack: ignored non-lowercase namespace: HungerOverhaul in C:\Users\Mi\Documents\projects\MultiMC\instances\Agrarian-Skies-2---2.0.4\minecraft\mods\HungerOverhaul-1.7.10-1.0.0.jenkins104.jar
[17:52:02] [Client thread/WARN]: ResourcePack: ignored non-lowercase namespace: HungerOverhaul in C:\Users\Mi\Documents\projects\MultiMC\instances\Agrarian-Skies-2---2.0.4\minecraft\mods\HungerOverhaul-1.7.10-1.0.0.jenkins104.jar
[17:52:02] [Client thread/WARN]: ResourcePack: ignored non-lowercase namespace: HungerOverhaul in C:\Users\Mi\Documents\projects\MultiMC\instances\Agrarian-Skies-2---2.0.4\minecraft\mods\HungerOverhaul-1.7.10-1.0.0.jenkins104.jar
[17:52:02] [Client thread/WARN]: ResourcePack: ignored non-lowercase namespace: HungerOverhaul in C:\Users\Mi\Documents\projects\MultiMC\instances\Agrarian-Skies-2---2.0.4\minecraft\mods\HungerOverhaul-1.7.10-1.0.0.jenkins104.jar
[17:52:02] [Client thread/WARN]: ResourcePack: ignored non-lowercase namespace: HungerOverhaul in C:\Users\Mi\Documents\projects\MultiMC\instances\Agrarian-Skies-2---2.0.4\minecraft\mods\HungerOverhaul-1.7.10-1.0.0.jenkins104.jar
[17:52:02] [Client thread/WARN]: ResourcePack: ignored non-lowercase namespace: HungerOverhaul in C:\Users\Mi\Documents\projects\MultiMC\instances\Agrarian-Skies-2---2.0.4\minecraft\mods\HungerOverhaul-1.7.10-1.0.0.jenkins104.jar
[17:52:02] [Client thread/WARN]: ResourcePack: ignored non-lowercase namespace: HungerOverhaul in C:\Users\Mi\Documents\projects\MultiMC\instances\Agrarian-Skies-2---2.0.4\minecraft\mods\HungerOverhaul-1.7.10-1.0.0.jenkins104.jar
[17:52:02] [Client thread/WARN]: ResourcePack: ignored non-lowercase namespace: HungerOverhaul in C:\Users\Mi\Documents\projects\MultiMC\instances\Agrarian-Skies-2---2.0.4\minecraft\mods\HungerOverhaul-1.7.10-1.0.0.jenkins104.jar
[17:52:02] [Client thread/WARN]: ResourcePack: ignored non-lowercase namespace: HungerOverhaul in C:\Users\Mi\Documents\projects\MultiMC\instances\Agrarian-Skies-2---2.0.4\minecraft\mods\HungerOverhaul-1.7.10-1.0.0.jenkins104.jar
[17:52:35] [Sound Library Loader/INFO]: Sound engine started
[17:52:40] [Client thread/INFO]: Created: 16x16 textures/blocks-atlas
[17:52:41] [Client thread/INFO]: Created: 16x16 textures/items-atlas
[17:53:14] [Client thread/INFO]: Reloading ResourceManager: Default, FMLFileResourcePack:Forge Mod Loader, FMLFileResourcePack:Minecraft Forge, FMLFileResourcePack:Not Enough Items, FMLFileResourcePack:Accidentally Circumstantial Events, FMLFileResourcePack:AE2 Stuff, FMLFileResourcePack:AgriCraft, FMLFileResourcePack:AppleCore, FMLFileResourcePack:Applied Energistics 2, FMLFileResourcePack:Aroma1997Core|Helper, FMLFileResourcePack:AromaBackup, FMLFileResourcePack:AromaBackup Recovery, FMLFileResourcePack:Automagy, FMLFileResourcePack:AutoPackager, FMLFileResourcePack:Bagginses, FMLFileResourcePack:BD Lib, FMLFileResourcePack:Better Questing, FMLFileResourcePack:BiblioCraft, FMLFileResourcePack:BiblioWoods Natura Edition, FMLFileResourcePack:Big Reactors, FMLFileResourcePack:Blood Magic: Alchemical Wizardry, FMLFileResourcePack:Botania, FMLFileResourcePack:Carpenter's Blocks, FMLFileResourcePack:Chisel, FMLFileResourcePack:CoFH Core, FMLFileResourcePack:CompactStorage, FMLFileResourcePack:Cooking for Blockheads, FMLFileResourcePack:Enchiridion, FMLFileResourcePack:Enchiridion 2, FMLFileResourcePack:EnderTech, FMLFileResourcePack:Ex Astris, FMLFileResourcePack:Ex Nihilo, FMLFileResourcePack:ExtraTiC, FMLFileResourcePack:Extra Utilities, FMLFileResourcePack:Fast Leaf Decay, FMLFileResourcePack:Flat Signs, FMLFileResourcePack:Forbidden Magic, FMLFileResourcePack:Forestry for Minecraft, FMLFileResourcePack:Forge Microblocks, FMLFileResourcePack:Forge Multipart, FMLFileResourcePack:Minecraft Multipart Plugin, FMLFileResourcePack:GenDustry, FMLFileResourcePack:Thaumic NEI, FMLFileResourcePack:Guide-API, FMLFileResourcePack:Headcrumbs, FMLFileResourcePack:Hunger Overhaul, FMLFileResourcePack:Iguana Tinker Tweaks, FMLFileResourcePack:Inventory Tweaks, FMLFileResourcePack:JABBA, FMLFileResourcePack:JadedMaps, FMLFileResourcePack:JadedMenu, FMLFileResourcePack:JadedNEI, FMLFileResourcePack:JadedOceanSpawns, FMLFileResourcePack:Jadeds Shinies, FMLFileResourcePack:JourneyMap, FMLFileResourcePack:Let's Encrypt Craft, FMLFileResourcePack:Magic Bees, FMLFileResourcePack:Mantle, FMLFileResourcePack:MineFactory Reloaded, FMLFileResourcePack:MFR Compat: Applied Energistics, FMLFileResourcePack:MFR Compat: Forestry, FMLFileResourcePack:MFR Compat: ForgeMicroblock, FMLFileResourcePack:MFR Compat: Thaumcraft, FMLFileResourcePack:MFR Compat: Thermal Expansion, FMLFileResourcePack:MFR Compat: Tinkers' Construct, FMLFileResourcePack:MFR Compat: Vanilla, FMLFileResourcePack:MineTogether, FMLFileResourcePack:MineTogetherServer, FMLFileResourcePack:MineTweaker 3, FMLFileResourcePack:Mod Tweaker 2, FMLFileResourcePack:Natura, FMLFileResourcePack:NEI Addons: Developer Tools, FMLFileResourcePack:NEI Addons: Applied Energistics 2, FMLFileResourcePack:NEI Addons: Botany, FMLFileResourcePack:NEI Addons: Forestry, FMLFileResourcePack:NEI Addons: Crafting Tables, FMLFileResourcePack:NEI Addons, FMLFileResourcePack:NEI Addons: Ex Nihilo, FMLFileResourcePack:NEI Integration, FMLFileResourcePack:Nether Ores, FMLFileResourcePack:NodalMechanics, FMLFileResourcePack:ObsidiPlates, FMLFileResourcePack:OreExcavation, FMLFileResourcePack:Pam's HarvestCraft, FMLFileResourcePack:Progressive Automation, FMLFileResourcePack:Better Questing Quest Book, FMLFileResourcePack:Rainmaker, FMLFileResourcePack:ReAuth, FMLFileResourcePack:Recall Stones, FMLFileResourcePack:Redstone Arsenal, FMLFileResourcePack:Refined Relocation, FMLFileResourcePack:Resource Loader, FMLFileResourcePack:RF Windmill, FMLFileResourcePack:Router Reborn, FMLFileResourcePack:Sanguimancy, FMLFileResourcePack:SimpleLabels, FMLFileResourcePack:Simply Jetpacks, FMLFileResourcePack:Solar Flux, FMLFileResourcePack:Special AI, FMLFileResourcePack:Standard Expansion, FMLFileResourcePack:Steve's Workshop, FMLFileResourcePack:Storage Drawers, FMLFileResourcePack:Storage Drawers: Natura Pack, FMLFileResourcePack:Super Crafting Frame, FMLFileResourcePack:TC Inventory Scanning, FMLFileResourcePack:TC Node Tracker, FMLFileResourcePack:Tinkers' Construct, FMLFileResourcePack:Thaumcraft, FMLFileResourcePack:Thaumcraft NEI Plugin, FMLFileResourcePack:Thaumic Energistics, FMLFileResourcePack:Thaumic Horizons, FMLFileResourcePack:Thaumic Tinkerer, FMLFileResourcePack:Thermal Casting, FMLFileResourcePack:Thermal Dynamics, FMLFileResourcePack:Thermal Expansion, FMLFileResourcePack:Thermal Foundation, FMLFileResourcePack:TiC Tooltips, FMLFileResourcePack:Traveller's Gear, FMLFileResourcePack:Waila, FMLFileResourcePack:Waila Harvestability, FMLFileResourcePack:Witching Gadgets, FMLFileResourcePack:Baubles, BetterQuesting_folders, BetterQuesting_files, CustomResources, AccidentallyCircumstantialEvents, FMLFileResourcePack:Carpenter's Blocks Cached Resources, XU_Delegate_Pack, XU_Delegate_Pack, XU_Delegate_Pack, CustomOverridingResources
[17:53:14] [Client thread/WARN]: ResourcePack: ignored non-lowercase namespace: alchemicalwizardryBooks in C:\Users\Mi\Documents\projects\MultiMC\instances\Agrarian-Skies-2---2.0.4\minecraft\mods\BloodMagic-1.7.10-1.3.3-17.jar
[17:53:14] [Client thread/WARN]: ResourcePack: ignored non-lowercase namespace: alchemicalwizardryBooks in C:\Users\Mi\Documents\projects\MultiMC\instances\Agrarian-Skies-2---2.0.4\minecraft\mods\BloodMagic-1.7.10-1.3.3-17.jar
[17:53:14] [Client thread/WARN]: ResourcePack: ignored non-lowercase namespace: alchemicalwizardryBooks in C:\Users\Mi\Documents\projects\MultiMC\instances\Agrarian-Skies-2---2.0.4\minecraft\mods\BloodMagic-1.7.10-1.3.3-17.jar
[17:53:14] [Client thread/WARN]: ResourcePack: ignored non-lowercase namespace: alchemicalwizardryBooks in C:\Users\Mi\Documents\projects\MultiMC\instances\Agrarian-Skies-2---2.0.4\minecraft\mods\BloodMagic-1.7.10-1.3.3-17.jar
[17:53:14] [Client thread/WARN]: ResourcePack: ignored non-lowercase namespace: alchemicalwizardryBooks in C:\Users\Mi\Documents\projects\MultiMC\instances\Agrarian-Skies-2---2.0.4\minecraft\mods\BloodMagic-1.7.10-1.3.3-17.jar
[17:53:14] [Client thread/WARN]: ResourcePack: ignored non-lowercase namespace: alchemicalwizardryBooks in C:\Users\Mi\Documents\projects\MultiMC\instances\Agrarian-Skies-2---2.0.4\minecraft\mods\BloodMagic-1.7.10-1.3.3-17.jar
[17:53:14] [Client thread/WARN]: ResourcePack: ignored non-lowercase namespace: HungerOverhaul in C:\Users\Mi\Documents\projects\MultiMC\instances\Agrarian-Skies-2---2.0.4\minecraft\mods\HungerOverhaul-1.7.10-1.0.0.jenkins104.jar
[17:53:14] [Client thread/WARN]: ResourcePack: ignored non-lowercase namespace: HungerOverhaul in C:\Users\Mi\Documents\projects\MultiMC\instances\Agrarian-Skies-2---2.0.4\minecraft\mods\HungerOverhaul-1.7.10-1.0.0.jenkins104.jar
[17:53:14] [Client thread/WARN]: ResourcePack: ignored non-lowercase namespace: HungerOverhaul in C:\Users\Mi\Documents\projects\MultiMC\instances\Agrarian-Skies-2---2.0.4\minecraft\mods\HungerOverhaul-1.7.10-1.0.0.jenkins104.jar
[17:53:14] [Client thread/WARN]: ResourcePack: ignored non-lowercase namespace: HungerOverhaul in C:\Users\Mi\Documents\projects\MultiMC\instances\Agrarian-Skies-2---2.0.4\minecraft\mods\HungerOverhaul-1.7.10-1.0.0.jenkins104.jar
[17:53:14] [Client thread/WARN]: ResourcePack: ignored non-lowercase namespace: HungerOverhaul in C:\Users\Mi\Documents\projects\MultiMC\instances\Agrarian-Skies-2---2.0.4\minecraft\mods\HungerOverhaul-1.7.10-1.0.0.jenkins104.jar
[17:53:14] [Client thread/WARN]: ResourcePack: ignored non-lowercase namespace: HungerOverhaul in C:\Users\Mi\Documents\projects\MultiMC\instances\Agrarian-Skies-2---2.0.4\minecraft\mods\HungerOverhaul-1.7.10-1.0.0.jenkins104.jar
[17:53:14] [Client thread/WARN]: ResourcePack: ignored non-lowercase namespace: HungerOverhaul in C:\Users\Mi\Documents\projects\MultiMC\instances\Agrarian-Skies-2---2.0.4\minecraft\mods\HungerOverhaul-1.7.10-1.0.0.jenkins104.jar
[17:53:14] [Client thread/WARN]: ResourcePack: ignored non-lowercase namespace: HungerOverhaul in C:\Users\Mi\Documents\projects\MultiMC\instances\Agrarian-Skies-2---2.0.4\minecraft\mods\HungerOverhaul-1.7.10-1.0.0.jenkins104.jar
[17:53:14] [Client thread/WARN]: ResourcePack: ignored non-lowercase namespace: HungerOverhaul in C:\Users\Mi\Documents\projects\MultiMC\instances\Agrarian-Skies-2---2.0.4\minecraft\mods\HungerOverhaul-1.7.10-1.0.0.jenkins104.jar
[17:53:14] [Client thread/WARN]: ResourcePack: ignored non-lowercase namespace: HungerOverhaul in C:\Users\Mi\Documents\projects\MultiMC\instances\Agrarian-Skies-2---2.0.4\minecraft\mods\HungerOverhaul-1.7.10-1.0.0.jenkins104.jar
[17:53:30] [Client thread/INFO]: Created: 2048x2048 textures/blocks-atlas
[17:53:49] [Client thread/INFO]: Created: 2048x2048 textures/items-atlas
[17:53:50] [Sound Library Loader/INFO]: Sound engine started
[17:54:45] [Server thread/INFO]: Starting integrated minecraft server version 1.7.10
[17:54:45] [Server thread/INFO]: Generating keypair
[17:54:48] [Server thread/INFO]: Preparing start region for level 0
[17:54:49] [Server thread/INFO]: Changing view distance to 12, from 10
[17:54:51] [Server thread/INFO]: Araider[local:E:c4bcc6d5] logged in with entity id 23 at (-866.6965056540394, 63.0, 1002.1921857737603)
[17:54:51] [Server thread/INFO]: Araider joined the game
[17:54:56] [AromaBackup/INFO]: [§1AromaBackup§r] Starting Backup. The world may lag for a bit!
[17:54:59] [AromaBackup/INFO]: [§1AromaBackup§r] World Backup done!
[17:54:59] [AromaBackup/INFO]: [§1AromaBackup§r] Next scheduled Backup in 30 minutes.
[17:55:03] [Client thread/INFO]: [CHAT] [§1AromaBackup§r] Starting Backup. The world may lag for a bit!
[17:55:03] [Client thread/INFO]: [CHAT] [§1AromaBackup§r] World Backup done!
[17:55:03] [Client thread/INFO]: [CHAT] [§1AromaBackup§r] Next scheduled Backup in 30 minutes.
[17:55:04] [Client thread/INFO]: [CHAT] InvTweaks: Configuration loaded.
[17:55:06] [Client thread/INFO]: [CHAT] §eJourneyMap:§f Press [§bJ§f]
[17:55:08] [Server thread/INFO]: Saving and pausing game...
[17:55:08] [Server thread/INFO]: Saving chunks for level 'New World'/Overworld
[17:55:09] [Server thread/INFO]: Saving chunks for level 'New World'/Nether
[17:55:09] [Server thread/INFO]: Saving chunks for level 'New World'/The End
[17:55:09] [Server thread/INFO]: Saving chunks for level 'New World'/Soul Network Dimension
[17:55:09] [Server thread/INFO]: Saving chunks for level 'New World'/The Outer Lands
[17:55:09] [Server thread/INFO]: Saving chunks for level 'New World'/Pocket Plane
[17:55:09] [Server thread/INFO]: Saving chunks for level 'New World'/Underdark
[17:55:09] [Server thread/INFO]: Saving chunks for level 'New World'/The Last Millenium
[17:55:14] [Server thread/INFO]: Saving and pausing game...
[17:55:14] [Server thread/INFO]: Saving chunks for level 'New World'/Overworld
[17:55:14] [Server thread/INFO]: Saving chunks for level 'New World'/Nether
[17:55:14] [Server thread/INFO]: Saving chunks for level 'New World'/The End
[17:55:14] [Server thread/INFO]: Saving chunks for level 'New World'/Soul Network Dimension
[17:55:14] [Server thread/INFO]: Saving chunks for level 'New World'/The Outer Lands
[17:55:14] [Server thread/INFO]: Saving chunks for level 'New World'/Pocket Plane
[17:55:14] [Server thread/INFO]: Saving chunks for level 'New World'/Underdark
[17:55:14] [Server thread/INFO]: Saving chunks for level 'New World'/The Last Millenium
[17:55:18] [Server thread/INFO]: Saving and pausing game...
[17:55:18] [Server thread/INFO]: Saving chunks for level 'New World'/Overworld
[17:55:19] [Server thread/INFO]: Saving chunks for level 'New World'/Nether
[17:55:19] [Server thread/INFO]: Saving chunks for level 'New World'/The End
[17:55:19] [Server thread/INFO]: Saving chunks for level 'New World'/Soul Network Dimension
[17:55:19] [Server thread/INFO]: Saving chunks for level 'New World'/The Outer Lands
[17:55:19] [Server thread/INFO]: Saving chunks for level 'New World'/Pocket Plane
[17:55:19] [Server thread/INFO]: Saving chunks for level 'New World'/Underdark
[17:55:19] [Server thread/INFO]: Saving chunks for level 'New World'/The Last Millenium
[17:55:27] [Server thread/INFO]: Saving and pausing game...
[17:55:27] [Server thread/INFO]: Saving chunks for level 'New World'/Overworld
[17:55:27] [Server thread/INFO]: Saving chunks for level 'New World'/Nether
[17:55:27] [Server thread/INFO]: Saving chunks for level 'New World'/The End
[17:55:27] [Server thread/INFO]: Saving chunks for level 'New World'/Soul Network Dimension
[17:55:27] [Server thread/INFO]: Saving chunks for level 'New World'/The Outer Lands
[17:55:27] [Server thread/INFO]: Saving chunks for level 'New World'/Pocket Plane
[17:55:27] [Server thread/INFO]: Saving chunks for level 'New World'/Underdark
[17:55:27] [Server thread/INFO]: Saving chunks for level 'New World'/The Last Millenium
[17:55:46] [Server thread/INFO]: Saving and pausing game...
[17:55:46] [Server thread/INFO]: Saving chunks for level 'New World'/Overworld
[17:55:47] [Server thread/INFO]: Saving chunks for level 'New World'/Nether
[17:55:47] [Server thread/INFO]: Saving chunks for level 'New World'/The End
[17:55:47] [Server thread/INFO]: Saving chunks for level 'New World'/Soul Network Dimension
[17:55:47] [Server thread/INFO]: Saving chunks for level 'New World'/The Outer Lands
[17:55:47] [Server thread/INFO]: Saving chunks for level 'New World'/Pocket Plane
[17:55:47] [Server thread/INFO]: Saving chunks for level 'New World'/Underdark
[17:55:47] [Server thread/INFO]: Saving chunks for level 'New World'/The Last Millenium
[17:56:35] [Server thread/INFO]: Saving and pausing game...
[17:56:35] [Server thread/INFO]: Saving chunks for level 'New World'/Overworld
[17:56:36] [Server thread/INFO]: Saving chunks for level 'New World'/Nether
[17:56:36] [Server thread/INFO]: Saving chunks for level 'New World'/The End
[17:56:36] [Server thread/INFO]: Saving chunks for level 'New World'/Soul Network Dimension
[17:56:36] [Server thread/INFO]: Saving chunks for level 'New World'/The Outer Lands
[17:56:36] [Server thread/INFO]: Saving chunks for level 'New World'/Pocket Plane
[17:56:36] [Server thread/INFO]: Saving chunks for level 'New World'/Underdark
[17:56:36] [Server thread/INFO]: Saving chunks for level 'New World'/The Last Millenium
[17:56:59] [Server thread/INFO]: Saving and pausing game...
[17:56:59] [Server thread/INFO]: Saving chunks for level 'New World'/Overworld
[17:56:59] [Server thread/INFO]: Saving chunks for level 'New World'/Nether
[17:56:59] [Server thread/INFO]: Saving chunks for level 'New World'/The End
[17:56:59] [Server thread/INFO]: Saving chunks for level 'New World'/Soul Network Dimension
[17:56:59] [Server thread/INFO]: Saving chunks for level 'New World'/The Outer Lands
[17:56:59] [Server thread/INFO]: Saving chunks for level 'New World'/Pocket Plane
[17:56:59] [Server thread/INFO]: Saving chunks for level 'New World'/Underdark
[17:56:59] [Server thread/INFO]: Saving chunks for level 'New World'/The Last Millenium
[17:58:58] [Server thread/INFO]: Saving and pausing game...
[17:58:58] [Server thread/INFO]: Saving chunks for level 'New World'/Overworld
[17:58:58] [Server thread/INFO]: Saving chunks for level 'New World'/Nether
[17:58:58] [Server thread/INFO]: Saving chunks for level 'New World'/The End
[17:58:58] [Server thread/INFO]: Saving chunks for level 'New World'/Soul Network Dimension
[17:58:58] [Server thread/INFO]: Saving chunks for level 'New World'/The Outer Lands
[17:58:58] [Server thread/INFO]: Saving chunks for level 'New World'/Pocket Plane
[17:58:58] [Server thread/INFO]: Saving chunks for level 'New World'/Underdark
[17:58:58] [Server thread/INFO]: Saving chunks for level 'New World'/The Last Millenium
[18:17:16] [Server thread/INFO]: Saving and pausing game...
[18:17:16] [Server thread/INFO]: Saving chunks for level 'New World'/Overworld
[18:17:17] [Server thread/INFO]: Saving chunks for level 'New World'/Nether
[18:17:17] [Server thread/INFO]: Saving chunks for level 'New World'/The End
[18:17:17] [Server thread/INFO]: Saving chunks for level 'New World'/Soul Network Dimension
[18:17:17] [Server thread/INFO]: Saving chunks for level 'New World'/The Outer Lands
[18:17:17] [Server thread/INFO]: Saving chunks for level 'New World'/Pocket Plane
[18:17:17] [Server thread/INFO]: Saving chunks for level 'New World'/Underdark
[18:17:17] [Server thread/INFO]: Saving chunks for level 'New World'/The Last Millenium
[18:24:59] [AromaBackup/INFO]: [§1AromaBackup§r] Starting Backup. The world may lag for a bit!
[18:24:59] [Client thread/INFO]: [CHAT] [§1AromaBackup§r] Starting Backup. The world may lag for a bit!
[18:25:02] [AromaBackup/INFO]: [§1AromaBackup§r] World Backup done!
[18:25:02] [AromaBackup/INFO]: [§1AromaBackup§r] Next scheduled Backup in 30 minutes.
[18:25:02] [Client thread/INFO]: [CHAT] [§1AromaBackup§r] World Backup done!
[18:25:02] [Client thread/INFO]: [CHAT] [§1AromaBackup§r] Next scheduled Backup in 30 minutes.
[18:25:38] [Server thread/WARN]: Can't keep up! Did the system time change, or is the server overloaded? Running 31376ms behind, skipping 627 tick(s)
[18:25:48] [Server thread/WARN]: Can't keep up! Did the system time change, or is the server overloaded? Running 10324ms behind, skipping 206 tick(s)
[18:26:02] [Server thread/WARN]: Can't keep up! Did the system time change, or is the server overloaded? Running 5850ms behind, skipping 117 tick(s)
[18:26:15] [Server thread/WARN]: Can't keep up! Did the system time change, or is the server overloaded? Running 2489ms behind, skipping 49 tick(s)
[18:27:16] [Server thread/WARN]: Can't keep up! Did the system time change, or is the server overloaded? Running 10052ms behind, skipping 201 tick(s)
[18:27:24] [Server thread/WARN]: Can't keep up! Did the system time change, or is the server overloaded? Running 2386ms behind, skipping 47 tick(s)
[18:29:37] [Server thread/INFO]: Saving and pausing game...
[18:29:37] [Server thread/INFO]: Saving chunks for level 'New World'/Overworld
[18:29:37] [Server thread/INFO]: Saving chunks for level 'New World'/Nether
[18:29:37] [Server thread/INFO]: Saving chunks for level 'New World'/The End
[18:29:37] [Server thread/INFO]: Saving chunks for level 'New World'/Soul Network Dimension
[18:29:37] [Server thread/INFO]: Saving chunks for level 'New World'/The Outer Lands
[18:29:37] [Server thread/INFO]: Saving chunks for level 'New World'/Pocket Plane
[18:29:37] [Server thread/INFO]: Saving chunks for level 'New World'/Underdark
[18:29:37] [Server thread/INFO]: Saving chunks for level 'New World'/The Last Millenium
[18:46:34] [Client thread/INFO]: [CHAT] You do not have permission to use this command
[18:46:36] [Server thread/INFO]: Saving and pausing game...
[18:46:36] [Server thread/INFO]: Saving chunks for level 'New World'/Overworld
[18:46:36] [Server thread/INFO]: Saving chunks for level 'New World'/Nether
[18:46:36] [Server thread/INFO]: Saving chunks for level 'New World'/The End
[18:46:36] [Server thread/INFO]: Saving chunks for level 'New World'/Soul Network Dimension
[18:46:36] [Server thread/INFO]: Saving chunks for level 'New World'/The Outer Lands
[18:46:36] [Server thread/INFO]: Saving chunks for level 'New World'/Pocket Plane
[18:46:36] [Server thread/INFO]: Saving chunks for level 'New World'/Underdark
[18:46:36] [Server thread/INFO]: Saving chunks for level 'New World'/The Last Millenium
[18:48:06] [Server thread/INFO]: Araider has just earned the achievement [Learning to Tinker]
[18:48:06] [Client thread/INFO]: [CHAT] Araider has just earned the achievement [Learning to Tinker]
[18:49:30] [Server thread/INFO]: Saving and pausing game...
[18:49:30] [Server thread/INFO]: Saving chunks for level 'New World'/Overworld
[18:49:30] [Server thread/INFO]: Saving chunks for level 'New World'/Nether
[18:49:31] [Server thread/INFO]: Saving chunks for level 'New World'/The End
[18:49:31] [Server thread/INFO]: Saving chunks for level 'New World'/Soul Network Dimension
[18:49:31] [Server thread/INFO]: Saving chunks for level 'New World'/The Outer Lands
[18:49:31] [Server thread/INFO]: Saving chunks for level 'New World'/Pocket Plane
[18:49:31] [Server thread/INFO]: Saving chunks for level 'New World'/Underdark
[18:49:31] [Server thread/INFO]: Saving chunks for level 'New World'/The Last Millenium
[18:55:03] [AromaBackup/INFO]: [§1AromaBackup§r] Starting Backup. The world may lag for a bit!
[19:09:47] [Client thread/INFO]: [CHAT] [§1AromaBackup§r] Starting Backup. The world may lag for a bit!
[19:09:49] [AromaBackup/INFO]: [§1AromaBackup§r] World Backup done!
[19:09:49] [AromaBackup/INFO]: [§1AromaBackup§r] Next scheduled Backup in 30 minutes.
[19:09:49] [Client thread/INFO]: [CHAT] [§1AromaBackup§r] World Backup done!
[19:09:49] [Client thread/INFO]: [CHAT] [§1AromaBackup§r] Next scheduled Backup in 30 minutes.
[19:14:03] [Server thread/INFO]: Araider has just earned the achievement [Smeltery Creator]
[19:14:03] [Client thread/INFO]: [CHAT] Araider has just earned the achievement [Smeltery Creator]
[19:20:14] [Client thread/INFO]: [CHAT] You do not have permission to use this command
[19:20:15] [Server thread/INFO]: Saving and pausing game...
[19:20:15] [Server thread/INFO]: Saving chunks for level 'New World'/Overworld
[19:20:15] [Server thread/INFO]: Saving chunks for level 'New World'/Nether
[19:20:15] [Server thread/INFO]: Saving chunks for level 'New World'/The End
[19:20:15] [Server thread/INFO]: Saving chunks for level 'New World'/Soul Network Dimension
[19:20:15] [Server thread/INFO]: Saving chunks for level 'New World'/The Outer Lands
[19:20:15] [Server thread/INFO]: Saving chunks for level 'New World'/Pocket Plane
[19:20:15] [Server thread/INFO]: Saving chunks for level 'New World'/Underdark
[19:20:15] [Server thread/INFO]: Saving chunks for level 'New World'/The Last Millenium
[19:20:16] [Server thread/INFO]: Saving and pausing game...
[19:20:16] [Server thread/INFO]: Saving chunks for level 'New World'/Overworld
[19:20:16] [Server thread/INFO]: Saving chunks for level 'New World'/Nether
[19:20:16] [Server thread/INFO]: Saving chunks for level 'New World'/The End
[19:20:16] [Server thread/INFO]: Saving chunks for level 'New World'/Soul Network Dimension
[19:20:16] [Server thread/INFO]: Saving chunks for level 'New World'/The Outer Lands
[19:20:16] [Server thread/INFO]: Saving chunks for level 'New World'/Pocket Plane
[19:20:16] [Server thread/INFO]: Saving chunks for level 'New World'/Underdark
[19:20:16] [Server thread/INFO]: Saving chunks for level 'New World'/The Last Millenium
[19:20:18] [Client thread/INFO]: Started on 59019
[19:20:18] [Client thread/INFO]: [CHAT] Local game hosted on port 59019
[19:20:23] [Server thread/INFO]: [Araider: Set own game mode to Creative Mode]
[19:20:23] [Client thread/INFO]: [CHAT] Your game mode has been updated
[19:26:58] [Server thread/INFO]: [Araider: Set own game mode to Survival Mode]
[19:26:58] [Client thread/INFO]: [CHAT] Your game mode has been updated
[19:39:51] [AromaBackup/INFO]: [§1AromaBackup§r] Starting Backup. The world may lag for a bit!
[19:39:51] [Client thread/INFO]: [CHAT] [§1AromaBackup§r] Starting Backup. The world may lag for a bit!
[19:39:55] [AromaBackup/INFO]: [§1AromaBackup§r] World Backup done!
[19:39:55] [AromaBackup/INFO]: [§1AromaBackup§r] Next scheduled Backup in 30 minutes.
[19:39:55] [Client thread/INFO]: [CHAT] [§1AromaBackup§r] World Backup done!
[19:39:55] [Client thread/INFO]: [CHAT] [§1AromaBackup§r] Next scheduled Backup in 30 minutes.
[19:45:38] [Server thread/INFO]: [Araider: Set own game mode to Creative Mode]
[19:45:38] [Client thread/INFO]: [CHAT] Your game mode has been updated
[19:45:56] [Server thread/INFO]: [Araider: Set own game mode to Survival Mode]
[19:45:56] [Client thread/INFO]: [CHAT] Your game mode has been updated
[19:46:33] [Server thread/INFO]: [Araider: Set own game mode to Creative Mode]
[19:46:33] [Client thread/INFO]: [CHAT] Your game mode has been updated
[19:46:50] [Server thread/INFO]: [Araider: Set own game mode to Survival Mode]
[19:46:50] [Client thread/INFO]: [CHAT] Your game mode has been updated
[19:56:13] [Server thread/INFO]: [Araider: Set own game mode to Creative Mode]
[19:56:13] [Client thread/INFO]: [CHAT] Your game mode has been updated
[19:56:28] [Server thread/INFO]: [Araider: Set own game mode to Survival Mode]
[19:56:28] [Client thread/INFO]: [CHAT] Your game mode has been updated
[19:56:47] [Client thread/INFO]: [CHAT] Current Mode: 2x2 then 3x3
[19:56:48] [Client thread/INFO]: [CHAT] Current Mode: 2x2 then 3x3
[19:56:48] [Client thread/INFO]: [CHAT] Current Mode: 2x2 then 3x3
[19:56:49] [Client thread/INFO]: [CHAT] Current Mode: 2x2 then 3x3
[19:56:50] [Client thread/INFO]: [CHAT] Current Mode: 2x2 then 3x3
[19:56:56] [Client thread/INFO]: [CHAT] Current Mode: 2x2 then 3x3
[19:56:57] [Client thread/INFO]: [CHAT] Current Mode: 2x2 then 3x3
[20:03:43] [Server thread/INFO]: [Araider: Set own game mode to Creative Mode]
[20:03:43] [Client thread/INFO]: [CHAT] Your game mode has been updated
[20:04:29] [Server thread/INFO]: [Araider: Set own game mode to Survival Mode]
[20:04:29] [Client thread/INFO]: [CHAT] Your game mode has been updated
[20:09:03] [Server thread/INFO]: [Araider: Set own game mode to Creative Mode]
[20:09:03] [Client thread/INFO]: [CHAT] Your game mode has been updated
[20:09:18] [Server thread/INFO]: [Araider: Set own game mode to Survival Mode]
[20:09:18] [Client thread/INFO]: [CHAT] Your game mode has been updated
[20:09:57] [AromaBackup/INFO]: [§1AromaBackup§r] Starting Backup. The world may lag for a bit!
[20:09:57] [Client thread/INFO]: [CHAT] [§1AromaBackup§r] Starting Backup. The world may lag for a bit!
[20:10:01] [AromaBackup/INFO]: [§1AromaBackup§r] World Backup done!
[20:10:01] [AromaBackup/INFO]: [§1AromaBackup§r] Next scheduled Backup in 30 minutes.
[20:10:01] [Client thread/INFO]: [CHAT] [§1AromaBackup§r] World Backup done!
[20:10:01] [Client thread/INFO]: [CHAT] [§1AromaBackup§r] Next scheduled Backup in 30 minutes.
[20:10:26] [Server thread/INFO]: [Araider: Set own game mode to Creative Mode]
[20:10:26] [Client thread/INFO]: [CHAT] Your game mode has been updated
[20:10:43] [Server thread/INFO]: [Araider: Set own game mode to Survival Mode]
[20:10:43] [Client thread/INFO]: [CHAT] Your game mode has been updated
[20:13:00] [Server thread/INFO]: [Araider: Set own game mode to Creative Mode]
[20:13:00] [Client thread/INFO]: [CHAT] Your game mode has been updated
[20:13:18] [Server thread/INFO]: [Araider: Set own game mode to Survival Mode]
[20:13:18] [Client thread/INFO]: [CHAT] Your game mode has been updated
[20:13:45] [Client thread/INFO]: [CHAT] Current Mode: 2x2 then 3x3
[20:15:26] [Server thread/INFO]: [Araider: Set own game mode to Creative Mode]
[20:15:26] [Client thread/INFO]: [CHAT] Your game mode has been updated
[20:17:27] [Server thread/INFO]: [Araider: Set own game mode to Survival Mode]
[20:17:27] [Client thread/INFO]: [CHAT] Your game mode has been updated
[20:18:21] [Server thread/INFO]: [Araider: Set own game mode to Creative Mode]
[20:18:21] [Client thread/INFO]: [CHAT] Your game mode has been updated
[20:21:09] [Server thread/INFO]: [Araider: Set own game mode to Survival Mode]
[20:21:09] [Client thread/INFO]: [CHAT] Your game mode has been updated
[20:22:05] [Server thread/INFO]: [Araider: Set own game mode to Creative Mode]
[20:22:05] [Client thread/INFO]: [CHAT] Your game mode has been updated
[20:37:41] [Server thread/INFO]: [Araider: Set own game mode to Survival Mode]
[20:37:41] [Client thread/INFO]: [CHAT] Your game mode has been updated
[20:38:59] [LanServerPinger #1/WARN]: LanServerPinger: Network is unreachable: Datagram send failed
[20:39:30] [Server thread/WARN]: Can't keep up! Did the system time change, or is the server overloaded? Running 30626ms behind, skipping 612 tick(s)
[20:40:03] [AromaBackup/INFO]: [§1AromaBackup§r] Starting Backup. The world may lag for a bit!
[20:40:03] [Client thread/INFO]: [CHAT] [§1AromaBackup§r] Starting Backup. The world may lag for a bit!
[20:40:06] [AromaBackup/INFO]: [§1AromaBackup§r] World Backup done!
[20:40:06] [AromaBackup/INFO]: [§1AromaBackup§r] Next scheduled Backup in 30 minutes.
[20:40:06] [Client thread/INFO]: [CHAT] [§1AromaBackup§r] World Backup done!
[20:40:06] [Client thread/INFO]: [CHAT] [§1AromaBackup§r] Next scheduled Backup in 30 minutes.
[21:15:49] [Server thread/WARN]: Can't keep up! Did the system time change, or is the server overloaded? Running 2130880ms behind, skipping 42617 tick(s)
[21:15:51] [AromaBackup/INFO]: [§1AromaBackup§r] Starting Backup. The world may lag for a bit!
[21:15:51] [Client thread/INFO]: [CHAT] [§1AromaBackup§r] Starting Backup. The world may lag for a bit!
[21:15:56] [AromaBackup/INFO]: [§1AromaBackup§r] World Backup done!
[21:15:56] [AromaBackup/INFO]: [§1AromaBackup§r] Next scheduled Backup in 30 minutes.
[21:15:56] [Client thread/INFO]: [CHAT] [§1AromaBackup§r] World Backup done!
[21:15:56] [Client thread/INFO]: [CHAT] [§1AromaBackup§r] Next scheduled Backup in 30 minutes.
[21:17:01] [Client thread/INFO]: [CHAT] Current Mode: 2x2 then 3x3
[21:17:02] [Client thread/INFO]: [CHAT] Current Mode: 2x2 then 3x3
[21:24:27] [Server thread/INFO]: Araider was slain by Cow
[21:24:27] [Client thread/INFO]: [CHAT] Araider was slain by Cow
[21:24:28] [Client thread/INFO]: [CHAT] 2 lives remaining!
[21:24:57] [Server thread/INFO]: Araider was slain by Cow
[21:24:57] [Client thread/INFO]: [CHAT] Araider was slain by Cow
[21:24:59] [Client thread/INFO]: [CHAT] This is your last life!
[21:27:25] [Server thread/INFO]: Araider was slain by Cow
[21:27:25] [Client thread/INFO]: [CHAT] Araider was slain by Cow
[21:27:27] [Server thread/INFO]: Deleting level New World
[21:27:27] [Server thread/INFO]: Attempt 1...
[21:28:48] [Server thread/INFO]: Starting integrated minecraft server version 1.7.10
[21:28:48] [Server thread/INFO]: Generating keypair
[21:28:49] [Server thread/INFO]: Preparing start region for level 0
[21:28:50] [Server thread/INFO]: Changing view distance to 12, from 10
[21:28:50] [Server thread/INFO]: Araider[local:E:68481463] logged in with entity id 599612 at (-874.6528052951679, 62.0, 1003.0181608038919)
[21:28:50] [Server thread/INFO]: Araider joined the game
[21:28:55] [Server thread/INFO]: Saving and pausing game...
[21:28:55] [Server thread/INFO]: Saving chunks for level 'New World'/Overworld
[21:28:56] [Server thread/INFO]: Saving chunks for level 'New World'/Nether
[21:28:56] [Server thread/INFO]: Saving chunks for level 'New World'/The End
[21:28:56] [Server thread/INFO]: Saving chunks for level 'New World'/Soul Network Dimension
[21:28:56] [Server thread/INFO]: Saving chunks for level 'New World'/The Outer Lands
[21:28:56] [Server thread/INFO]: Saving chunks for level 'New World'/Pocket Plane
[21:28:56] [Server thread/INFO]: Saving chunks for level 'New World'/Underdark
[21:28:56] [Server thread/INFO]: Saving chunks for level 'New World'/The Last Millenium
[21:29:49] [AromaBackup/INFO]: [§1AromaBackup§r] Starting Backup. The world may lag for a bit!
[21:29:50] [Client thread/INFO]: [CHAT] [§1AromaBackup§r] Starting Backup. The world may lag for a bit!
[21:29:53] [AromaBackup/INFO]: [§1AromaBackup§r] World Backup done!
[21:29:53] [AromaBackup/INFO]: [§1AromaBackup§r] Next scheduled Backup in 30 minutes.
[21:29:53] [Client thread/INFO]: [CHAT] [§1AromaBackup§r] World Backup done!
[21:29:53] [Client thread/INFO]: [CHAT] [§1AromaBackup§r] Next scheduled Backup in 30 minutes.
[21:37:52] [Server thread/INFO]: Saving and pausing game...
[21:37:52] [Server thread/INFO]: Saving chunks for level 'New World'/Overworld
[21:37:52] [Server thread/INFO]: Saving chunks for level 'New World'/Nether
[21:37:52] [Server thread/INFO]: Saving chunks for level 'New World'/The End
[21:37:52] [Server thread/INFO]: Saving chunks for level 'New World'/Soul Network Dimension
[21:37:52] [Server thread/INFO]: Saving chunks for level 'New World'/The Outer Lands
[21:37:52] [Server thread/INFO]: Saving chunks for level 'New World'/Pocket Plane
[21:37:52] [Server thread/INFO]: Saving chunks for level 'New World'/Underdark
[21:37:52] [Server thread/INFO]: Saving chunks for level 'New World'/The Last Millenium
[21:38:14] [Server thread/INFO]: Saving and pausing game...
[21:38:14] [Server thread/INFO]: Saving chunks for level 'New World'/Overworld
[21:38:14] [Server thread/INFO]: Saving chunks for level 'New World'/Nether
[21:38:14] [Server thread/INFO]: Saving chunks for level 'New World'/The End
[21:38:14] [Server thread/INFO]: Saving chunks for level 'New World'/Soul Network Dimension
[21:38:14] [Server thread/INFO]: Saving chunks for level 'New World'/The Outer Lands
[21:38:14] [Server thread/INFO]: Saving chunks for level 'New World'/Pocket Plane
[21:38:14] [Server thread/INFO]: Saving chunks for level 'New World'/Underdark
[21:38:14] [Server thread/INFO]: Saving chunks for level 'New World'/The Last Millenium
[21:45:15] [Server thread/INFO]: Araider was slain by Cow
[21:45:15] [Client thread/INFO]: [CHAT] Araider was slain by Cow
[21:45:16] [Client thread/INFO]: [CHAT] 2 lives remaining!
[21:47:05] [Server thread/INFO]: Saving and pausing game...
[21:47:05] [Server thread/INFO]: Saving chunks for level 'New World'/Overworld
[21:47:05] [Server thread/INFO]: Saving chunks for level 'New World'/Nether
[21:47:05] [Server thread/INFO]: Saving chunks for level 'New World'/The End
[21:47:05] [Server thread/INFO]: Saving chunks for level 'New World'/Soul Network Dimension
[21:47:05] [Server thread/INFO]: Saving chunks for level 'New World'/The Outer Lands
[21:47:05] [Server thread/INFO]: Saving chunks for level 'New World'/Pocket Plane
[21:47:05] [Server thread/INFO]: Saving chunks for level 'New World'/Underdark
[21:47:05] [Server thread/INFO]: Saving chunks for level 'New World'/The Last Millenium
[21:47:05] [Server thread/INFO]: Stopping server
[21:47:05] [Server thread/INFO]: Saving players
[21:47:05] [Server thread/INFO]: Saving worlds
[21:47:05] [Server thread/INFO]: Saving chunks for level 'New World'/Overworld
[21:47:06] [Server thread/INFO]: Saving chunks for level 'New World'/Nether
[21:47:06] [Server thread/INFO]: Saving chunks for level 'New World'/The End
[21:47:06] [Server thread/INFO]: Saving chunks for level 'New World'/Soul Network Dimension
[21:47:06] [Server thread/INFO]: Saving chunks for level 'New World'/The Outer Lands
[21:47:06] [Server thread/INFO]: Saving chunks for level 'New World'/Pocket Plane
[21:47:06] [Server thread/INFO]: Saving chunks for level 'New World'/Underdark
[21:47:06] [Server thread/INFO]: Saving chunks for level 'New World'/The Last Millenium
[21:47:24] [Client thread/INFO]: Stopping!
